This is e-upTeX, Version 3.14159265-p3.7-u1.21-160201-2.6 (utf8.uptex) (TeX Live 2016) (preloaded format=uplatex 2017.1.28)  28 JAN 2017 16:42
entering extended mode
 restricted \write18 enabled.
 %&-line parsing enabled.
**thesis/abst.tex
(./thesis/abst.tex
pLaTeX2e <2016/11/29u01> (based on LaTeX2e <2017/01/01> patch level 1)
Babel <3.9r> and hyphenation patterns for 83 language(s) loaded.

! LaTeX Error: File `AIabst.cls' not found.

Type X to quit or <RETURN> to proceed,
or enter new name. (Default extension: cls)

Enter file name: 
! I can't find file `personal'.
l.4 \input personal
                   
(Press Enter to retry, or Control-D to exit)
Please type another input file name: 
! I can't find file `personal'.
l.4 \input personal
                   
(Press Enter to retry, or Control-D to exit)
Please type another input file name: 
! I can't find file `personal'.
l.4 \input personal
                   
(Press Enter to retry, or Control-D to exit)
Please type another input file name: AIabst.cls
! I can't find file `AIabst.cls'.
l.4 \input personal
                   
(Press Enter to retry, or Control-D to exit)
Please type another input file name: 
! Emergency stop.
l.4 \input personal
                    
Here is how much of TeX's memory you used:
 11 strings out of 493679
 112 string characters out of 6149847
 54856 words of memory out of 5000000
 3680 multiletter control sequences out of 15000+600000
 5975 words of font info for 31 fonts, out of 8000000 for 9000
 929 hyphenation exceptions out of 8191
 10i,0n,7p,69b,8s stack positions out of 5000i,500n,10000p,200000b,80000s

No pages of output.
