This is e-pTeX, Version 3.14159265-p3.7-160201-2.6 (utf8.euc) (TeX Live 2016) (preloaded format=platex 2017.1.28)  15 FEB 2017 18:02
entering extended mode
 restricted \write18 enabled.
 file:line:error style messages enabled.
 %&-line parsing enabled.
**conclusion.tex
(./conclusion.tex
pLaTeX2e <2016/11/29> (based on LaTeX2e <2017/01/01> patch level 1)
Babel <3.9r> and hyphenation patterns for 83 language(s) loaded.
./conclusion.tex:1: Undefined control sequence.
l.1 \chapter
            {むすび} \label{chap:conclusion}
The control sequence at the end of the top line
of your error message was never \def'ed. If you have
misspelled it (e.g., `\hobx'), type `I' and the correct
spelling (e.g., `I\hbox'). Otherwise just continue,
and I'll forget about whatever was undefined.


./conclusion.tex:1: LaTeX Error: Missing \begin{document}.

See the LaTeX manual or LaTeX Companion for explanation.
Type  H <return>  for immediate help.
 ...                                              
                                                  
l.1 \chapter{む
               すび} \label{chap:conclusion}
You're in trouble here.  Try typing  <return>  to proceed.
If that doesn't work, type  X <return>  to quit.


Overfull \hbox (20.0pt too wide) in paragraph at lines 1--5
[]
 []


Overfull \hbox (9.62216pt too wide) in paragraph at lines 1--5
\JY1/mc/m/n/10 む
 []


Overfull \hbox (9.62216pt too wide) in paragraph at lines 1--5
\JY1/mc/m/n/10 す
 []


Overfull \hbox (9.62216pt too wide) in paragraph at lines 1--5
\JY1/mc/m/n/10 び
 []


Overfull \hbox (9.62216pt too wide) in paragraph at lines 1--5
[]\JY1/mc/m/n/10 一
 []


Overfull \hbox (9.62216pt too wide) in paragraph at lines 1--5
\JY1/mc/m/n/10 般
 []


Overfull \hbox (9.62216pt too wide) in paragraph at lines 1--5
\JY1/mc/m/n/10 的
 []


Overfull \hbox (9.62216pt too wide) in paragraph at lines 1--5
\JY1/mc/m/n/10 な
 []


Overfull \hbox (18.74432pt too wide) in paragraph at lines 1--5
\JY1/mc/m/n/10 サ ー
 []


Overfull \hbox (9.62216pt too wide) in paragraph at lines 1--5
\JY1/mc/m/n/10 フ
 []


Overfull \hbox (7.47433pt too wide) in paragraph at lines 1--5
\JY1/mc/m/n/10 ェ
 []


Overfull \hbox (9.62216pt too wide) in paragraph at lines 1--5
\JY1/mc/m/n/10 ス
 []


Overfull \hbox (9.62216pt too wide) in paragraph at lines 1--5
\JY1/mc/m/n/10 モ
 []


Overfull \hbox (9.62216pt too wide) in paragraph at lines 1--5
\JY1/mc/m/n/10 デ
 []


Overfull \hbox (9.62216pt too wide) in paragraph at lines 1--5
\JY1/mc/m/n/10 ル
 []


Overfull \hbox (9.62216pt too wide) in paragraph at lines 1--5
\JY1/mc/m/n/10 の
 []


Overfull \hbox (12.63892pt too wide) in paragraph at lines 1--5
\OT1/cmr/m/n/10 3D
 []


Overfull \hbox (9.62216pt too wide) in paragraph at lines 1--5
\JY1/mc/m/n/10 モ
 []


Overfull \hbox (9.62216pt too wide) in paragraph at lines 1--5
\JY1/mc/m/n/10 デ
 []


Overfull \hbox (9.62216pt too wide) in paragraph at lines 1--5
\JY1/mc/m/n/10 リ
 []


Overfull \hbox (9.62216pt too wide) in paragraph at lines 1--5
\JY1/mc/m/n/10 ン
 []


Overfull \hbox (9.62216pt too wide) in paragraph at lines 1--5
\JY1/mc/m/n/10 グ
 []


Overfull \hbox (9.62216pt too wide) in paragraph at lines 1--5
\JY1/mc/m/n/10 ソ
 []


Overfull \hbox (9.62216pt too wide) in paragraph at lines 1--5
\JY1/mc/m/n/10 フ
 []


Overfull \hbox (9.62216pt too wide) in paragraph at lines 1--5
\JY1/mc/m/n/10 ト
 []


Overfull \hbox (9.62216pt too wide) in paragraph at lines 1--5
\JY1/mc/m/n/10 で
 []


Overfull \hbox (9.62216pt too wide) in paragraph at lines 1--5
\JY1/mc/m/n/10 は
 []


Overfull \hbox (9.62216pt too wide) in paragraph at lines 1--5
\JY1/mc/m/n/10 面
 []


Overfull \hbox (9.62216pt too wide) in paragraph at lines 1--5
\JY1/mc/m/n/10 の
 []


Overfull \hbox (9.62216pt too wide) in paragraph at lines 1--5
\JY1/mc/m/n/10 表
 []


Overfull \hbox (9.62216pt too wide) in paragraph at lines 1--5
\JY1/mc/m/n/10 と
 []


Overfull \hbox (9.62216pt too wide) in paragraph at lines 1--5
\JY1/mc/m/n/10 裏
 []


Overfull \hbox (9.62216pt too wide) in paragraph at lines 1--5
\JY1/mc/m/n/10 す
 []


Overfull \hbox (9.62216pt too wide) in paragraph at lines 1--5
\JY1/mc/m/n/10 る
 []


Overfull \hbox (9.62216pt too wide) in paragraph at lines 1--5
\JY1/mc/m/n/10 仕
 []


Overfull \hbox (9.62216pt too wide) in paragraph at lines 1--5
\JY1/mc/m/n/10 様
 []


Overfull \hbox (9.62216pt too wide) in paragraph at lines 1--5
\JY1/mc/m/n/10 が
 []


Overfull \hbox (9.62216pt too wide) in paragraph at lines 1--5
\JY1/mc/m/n/10 ほ
 []


Overfull \hbox (9.62216pt too wide) in paragraph at lines 1--5
\JY1/mc/m/n/10 と
 []


Overfull \hbox (9.62216pt too wide) in paragraph at lines 1--5
\JY1/mc/m/n/10 ん
 []


Overfull \hbox (9.62216pt too wide) in paragraph at lines 1--5
\JY1/mc/m/n/10 ど
 []


Overfull \hbox (9.62216pt too wide) in paragraph at lines 1--5
\JY1/mc/m/n/10 で
 []


Overfull \hbox (9.62216pt too wide) in paragraph at lines 1--5
\JY1/mc/m/n/10 あ
 []


Overfull \hbox (12.39995pt too wide) in paragraph at lines 1--5
\JY1/mc/m/n/10 る\OT1/cmr/m/n/10 .
 []


Overfull \hbox (9.62216pt too wide) in paragraph at lines 1--5
\JY1/mc/m/n/10 現
 []


Overfull \hbox (9.62216pt too wide) in paragraph at lines 1--5
\JY1/mc/m/n/10 在
 []


Overfull \hbox (9.62216pt too wide) in paragraph at lines 1--5
\JY1/mc/m/n/10 の
 []


Overfull \hbox (9.62216pt too wide) in paragraph at lines 1--5
\JY1/mc/m/n/10 実
 []


Overfull \hbox (9.62216pt too wide) in paragraph at lines 1--5
\JY1/mc/m/n/10 装
 []


Overfull \hbox (9.62216pt too wide) in paragraph at lines 1--5
\JY1/mc/m/n/10 で
 []


Overfull \hbox (12.39995pt too wide) in paragraph at lines 1--5
\JY1/mc/m/n/10 は\OT1/cmr/m/n/10 ,
 []


Overfull \hbox (9.62216pt too wide) in paragraph at lines 1--5
\JY1/mc/m/n/10 面
 []


Overfull \hbox (9.62216pt too wide) in paragraph at lines 1--5
\JY1/mc/m/n/10 を
 []


Overfull \hbox (9.62216pt too wide) in paragraph at lines 1--5
\JY1/mc/m/n/10 構
 []


Overfull \hbox (9.62216pt too wide) in paragraph at lines 1--5
\JY1/mc/m/n/10 成
 []


Overfull \hbox (9.62216pt too wide) in paragraph at lines 1--5
\JY1/mc/m/n/10 す
 []


Overfull \hbox (9.62216pt too wide) in paragraph at lines 1--5
\JY1/mc/m/n/10 る
 []


Overfull \hbox (9.62216pt too wide) in paragraph at lines 1--5
\JY1/mc/m/n/10 頂
 []


Overfull \hbox (9.62216pt too wide) in paragraph at lines 1--5
\JY1/mc/m/n/10 点
 []


Overfull \hbox (9.62216pt too wide) in paragraph at lines 1--5
\JY1/mc/m/n/10 の
 []


Overfull \hbox (9.62216pt too wide) in paragraph at lines 1--5
\JY1/mc/m/n/10 順
 []


Overfull \hbox (9.62216pt too wide) in paragraph at lines 1--5
\JY1/mc/m/n/10 番
 []


Overfull \hbox (9.62216pt too wide) in paragraph at lines 1--5
\JY1/mc/m/n/10 を
 []


Overfull \hbox (9.62216pt too wide) in paragraph at lines 1--5
\JY1/mc/m/n/10 扱
 []


Overfull \hbox (7.47433pt too wide) in paragraph at lines 1--5
\JY1/mc/m/n/10 っ
 []


Overfull \hbox (9.62216pt too wide) in paragraph at lines 1--5
\JY1/mc/m/n/10 て
 []


Overfull \hbox (9.62216pt too wide) in paragraph at lines 1--5
\JY1/mc/m/n/10 お
 []


Overfull \hbox (9.62216pt too wide) in paragraph at lines 1--5
\JY1/mc/m/n/10 ら
 []


Overfull \hbox (12.39995pt too wide) in paragraph at lines 1--5
\JY1/mc/m/n/10 ず\OT1/cmr/m/n/10 ,
 []


Overfull \hbox (9.62216pt too wide) in paragraph at lines 1--5
\JY1/mc/m/n/10 面
 []


Overfull \hbox (9.62216pt too wide) in paragraph at lines 1--5
\JY1/mc/m/n/10 の
 []


Overfull \hbox (9.62216pt too wide) in paragraph at lines 1--5
\JY1/mc/m/n/10 法
 []


Overfull \hbox (9.62216pt too wide) in paragraph at lines 1--5
\JY1/mc/m/n/10 線
 []


Overfull \hbox (9.62216pt too wide) in paragraph at lines 1--5
\JY1/mc/m/n/10 方
 []


Overfull \hbox (9.62216pt too wide) in paragraph at lines 1--5
\JY1/mc/m/n/10 向
 []


Overfull \hbox (9.62216pt too wide) in paragraph at lines 1--5
\JY1/mc/m/n/10 を
 []


Overfull \hbox (9.62216pt too wide) in paragraph at lines 1--5
\JY1/mc/m/n/10 表
 []


Overfull \hbox (9.62216pt too wide) in paragraph at lines 1--5
\JY1/mc/m/n/10 現
 []


Overfull \hbox (9.62216pt too wide) in paragraph at lines 1--5
\JY1/mc/m/n/10 で
 []


Overfull \hbox (9.62216pt too wide) in paragraph at lines 1--5
\JY1/mc/m/n/10 き
 []


Overfull \hbox (9.62216pt too wide) in paragraph at lines 1--5
\JY1/mc/m/n/10 て
 []


Overfull \hbox (9.62216pt too wide) in paragraph at lines 1--5
\JY1/mc/m/n/10 い
 []


Overfull \hbox (9.62216pt too wide) in paragraph at lines 1--5
\JY1/mc/m/n/10 な
 []


Overfull \hbox (9.62216pt too wide) in paragraph at lines 1--5
\JY1/mc/m/n/10 い
 []


Overfull \hbox (9.62216pt too wide) in paragraph at lines 1--5
\JY1/mc/m/n/10 た
 []


Overfull \hbox (12.39995pt too wide) in paragraph at lines 1--5
\JY1/mc/m/n/10 め\OT1/cmr/m/n/10 ,
 []


Overfull \hbox (12.63892pt too wide) in paragraph at lines 1--5
\OT1/cmr/m/n/10 3D
 []


Overfull \hbox (9.62216pt too wide) in paragraph at lines 1--5
\JY1/mc/m/n/10 モ
 []


Overfull \hbox (9.62216pt too wide) in paragraph at lines 1--5
\JY1/mc/m/n/10 デ
 []


Overfull \hbox (9.62216pt too wide) in paragraph at lines 1--5
\JY1/mc/m/n/10 リ
 []


Overfull \hbox (9.62216pt too wide) in paragraph at lines 1--5
\JY1/mc/m/n/10 ン
 []


Overfull \hbox (9.62216pt too wide) in paragraph at lines 1--5
\JY1/mc/m/n/10 グ
 []


Overfull \hbox (9.62216pt too wide) in paragraph at lines 1--5
\JY1/mc/m/n/10 の
 []


Overfull \hbox (9.62216pt too wide) in paragraph at lines 1--5
\JY1/mc/m/n/10 同
 []


Overfull \hbox (9.62216pt too wide) in paragraph at lines 1--5
\JY1/mc/m/n/10 期
 []


Overfull \hbox (9.62216pt too wide) in paragraph at lines 1--5
\JY1/mc/m/n/10 機
 []


Overfull \hbox (9.62216pt too wide) in paragraph at lines 1--5
\JY1/mc/m/n/10 構
 []


Overfull \hbox (9.62216pt too wide) in paragraph at lines 1--5
\JY1/mc/m/n/10 と
 []


Overfull \hbox (9.62216pt too wide) in paragraph at lines 1--5
\JY1/mc/m/n/10 し
 []


Overfull \hbox (9.62216pt too wide) in paragraph at lines 1--5
\JY1/mc/m/n/10 て
 []


Overfull \hbox (9.62216pt too wide) in paragraph at lines 1--5
\JY1/mc/m/n/10 は
 []


Overfull \hbox (9.62216pt too wide) in paragraph at lines 1--5
\JY1/mc/m/n/10 不
 []


Overfull \hbox (9.62216pt too wide) in paragraph at lines 1--5
\JY1/mc/m/n/10 十
 []


Overfull \hbox (9.62216pt too wide) in paragraph at lines 1--5
\JY1/mc/m/n/10 分
 []


Overfull \hbox (9.62216pt too wide) in paragraph at lines 1--5
\JY1/mc/m/n/10 で
 []


Overfull \hbox (9.62216pt too wide) in paragraph at lines 1--5
\JY1/mc/m/n/10 あ
 []


Overfull \hbox (12.39995pt too wide) in paragraph at lines 1--5
\JY1/mc/m/n/10 る\OT1/cmr/m/n/10 .
 []


Overfull \hbox (9.62216pt too wide) in paragraph at lines 1--5
\JY1/mc/m/n/10 ま
 []


Overfull \hbox (12.39995pt too wide) in paragraph at lines 1--5
\JY1/mc/m/n/10 た\OT1/cmr/m/n/10 ,
 []


Overfull \hbox (9.62216pt too wide) in paragraph at lines 1--5
\JY1/mc/m/n/10 オ
 []


Overfull \hbox (9.62216pt too wide) in paragraph at lines 1--5
\JY1/mc/m/n/10 ブ
 []


Overfull \hbox (9.62216pt too wide) in paragraph at lines 1--5
\JY1/mc/m/n/10 ジ
 []


Overfull \hbox (7.47433pt too wide) in paragraph at lines 1--5
\JY1/mc/m/n/10 ェ
 []


Overfull \hbox (9.62216pt too wide) in paragraph at lines 1--5
\JY1/mc/m/n/10 ク
 []


Overfull \hbox (9.62216pt too wide) in paragraph at lines 1--5
\JY1/mc/m/n/10 ト
 []


Overfull \hbox (9.62216pt too wide) in paragraph at lines 1--5
\JY1/mc/m/n/10 の
 []


Overfull \hbox (9.62216pt too wide) in paragraph at lines 1--5
\JY1/mc/m/n/10 マ
 []


Overfull \hbox (9.62216pt too wide) in paragraph at lines 1--5
\JY1/mc/m/n/10 テ
 []


Overfull \hbox (9.62216pt too wide) in paragraph at lines 1--5
\JY1/mc/m/n/10 リ
 []


Overfull \hbox (9.62216pt too wide) in paragraph at lines 1--5
\JY1/mc/m/n/10 ア
 []


Overfull \hbox (9.62216pt too wide) in paragraph at lines 1--5
\JY1/mc/m/n/10 ル
 []


Overfull \hbox (9.62216pt too wide) in paragraph at lines 1--5
\JY1/mc/m/n/10 情
 []


Overfull \hbox (9.62216pt too wide) in paragraph at lines 1--5
\JY1/mc/m/n/10 報
 []


Overfull \hbox (9.62216pt too wide) in paragraph at lines 1--5
\JY1/mc/m/n/10 や
 []


Overfull \hbox (9.62216pt too wide) in paragraph at lines 1--5
\JY1/mc/m/n/10 テ
 []


Overfull \hbox (9.62216pt too wide) in paragraph at lines 1--5
\JY1/mc/m/n/10 ク
 []


Overfull \hbox (9.62216pt too wide) in paragraph at lines 1--5
\JY1/mc/m/n/10 ス
 []


Overfull \hbox (9.62216pt too wide) in paragraph at lines 1--5
\JY1/mc/m/n/10 チ
 []


Overfull \hbox (7.47433pt too wide) in paragraph at lines 1--5
\JY1/mc/m/n/10 ャ
 []


Overfull \hbox (9.62216pt too wide) in paragraph at lines 1--5
\JY1/mc/m/n/10 座
 []


Overfull \hbox (9.62216pt too wide) in paragraph at lines 1--5
\JY1/mc/m/n/10 標
 []


Overfull \hbox (9.62216pt too wide) in paragraph at lines 1--5
\JY1/mc/m/n/10 情
 []


Overfull \hbox (9.62216pt too wide) in paragraph at lines 1--5
\JY1/mc/m/n/10 報
 []


Overfull \hbox (9.62216pt too wide) in paragraph at lines 1--5
\JY1/mc/m/n/10 も
 []


Overfull \hbox (9.62216pt too wide) in paragraph at lines 1--5
\JY1/mc/m/n/10 扱
 []


Overfull \hbox (7.47433pt too wide) in paragraph at lines 1--5
\JY1/mc/m/n/10 っ
 []


Overfull \hbox (9.62216pt too wide) in paragraph at lines 1--5
\JY1/mc/m/n/10 て
 []


Overfull \hbox (9.62216pt too wide) in paragraph at lines 1--5
\JY1/mc/m/n/10 い
 []


Overfull \hbox (9.62216pt too wide) in paragraph at lines 1--5
\JY1/mc/m/n/10 な
 []


Overfull \hbox (12.39995pt too wide) in paragraph at lines 1--5
\JY1/mc/m/n/10 い\OT1/cmr/m/n/10 .
 []


Overfull \hbox (9.62216pt too wide) in paragraph at lines 1--5
\JY1/mc/m/n/10 こ
 []


Overfull \hbox (9.62216pt too wide) in paragraph at lines 1--5
\JY1/mc/m/n/10 れ
 []


Overfull \hbox (9.62216pt too wide) in paragraph at lines 1--5
\JY1/mc/m/n/10 ら
 []


Overfull \hbox (9.62216pt too wide) in paragraph at lines 1--5
\JY1/mc/m/n/10 を
 []


Overfull \hbox (9.62216pt too wide) in paragraph at lines 1--5
\JY1/mc/m/n/10 実
 []


Overfull \hbox (9.62216pt too wide) in paragraph at lines 1--5
\JY1/mc/m/n/10 装
 []


Overfull \hbox (9.62216pt too wide) in paragraph at lines 1--5
\JY1/mc/m/n/10 す
 []


Overfull \hbox (9.62216pt too wide) in paragraph at lines 1--5
\JY1/mc/m/n/10 る
 []


Overfull \hbox (9.62216pt too wide) in paragraph at lines 1--5
\JY1/mc/m/n/10 こ
 []


Overfull \hbox (9.62216pt too wide) in paragraph at lines 1--5
\JY1/mc/m/n/10 と
 []


Overfull \hbox (12.39995pt too wide) in paragraph at lines 1--5
\JY1/mc/m/n/10 で\OT1/cmr/m/n/10 ,
 []


Overfull \hbox (9.62216pt too wide) in paragraph at lines 1--5
\JY1/mc/m/n/10 ク
 []


Overfull \hbox (9.62216pt too wide) in paragraph at lines 1--5
\JY1/mc/m/n/10 ラ
 []


Overfull \hbox (9.62216pt too wide) in paragraph at lines 1--5
\JY1/mc/m/n/10 イ
 []


Overfull \hbox (9.62216pt too wide) in paragraph at lines 1--5
\JY1/mc/m/n/10 ア
 []


Overfull \hbox (9.62216pt too wide) in paragraph at lines 1--5
\JY1/mc/m/n/10 ン
 []


Overfull \hbox (9.62216pt too wide) in paragraph at lines 1--5
\JY1/mc/m/n/10 ト
 []


Overfull \hbox (9.62216pt too wide) in paragraph at lines 1--5
\JY1/mc/m/n/10 が
 []


Overfull \hbox (18.74432pt too wide) in paragraph at lines 1--5
\JY1/mc/m/n/10 デ ー
 []


Overfull \hbox (9.62216pt too wide) in paragraph at lines 1--5
\JY1/mc/m/n/10 タ
 []


Overfull \hbox (9.62216pt too wide) in paragraph at lines 1--5
\JY1/mc/m/n/10 か
 []


Overfull \hbox (9.62216pt too wide) in paragraph at lines 1--5
\JY1/mc/m/n/10 ら
 []


Overfull \hbox (9.62216pt too wide) in paragraph at lines 1--5
\JY1/mc/m/n/10 一
 []


Overfull \hbox (9.62216pt too wide) in paragraph at lines 1--5
\JY1/mc/m/n/10 意
 []


Overfull \hbox (9.62216pt too wide) in paragraph at lines 1--5
\JY1/mc/m/n/10 な
 []


Overfull \hbox (9.62216pt too wide) in paragraph at lines 1--5
\JY1/mc/m/n/10 オ
 []


Overfull \hbox (9.62216pt too wide) in paragraph at lines 1--5
\JY1/mc/m/n/10 ブ
 []


Overfull \hbox (9.62216pt too wide) in paragraph at lines 1--5
\JY1/mc/m/n/10 ジ
 []


Overfull \hbox (7.47433pt too wide) in paragraph at lines 1--5
\JY1/mc/m/n/10 ェ
 []


Overfull \hbox (9.62216pt too wide) in paragraph at lines 1--5
\JY1/mc/m/n/10 ク
 []


Overfull \hbox (9.62216pt too wide) in paragraph at lines 1--5
\JY1/mc/m/n/10 ト
 []


Overfull \hbox (9.62216pt too wide) in paragraph at lines 1--5
\JY1/mc/m/n/10 を
 []


Overfull \hbox (9.62216pt too wide) in paragraph at lines 1--5
\JY1/mc/m/n/10 描
 []


Overfull \hbox (9.62216pt too wide) in paragraph at lines 1--5
\JY1/mc/m/n/10 画
 []


Overfull \hbox (9.62216pt too wide) in paragraph at lines 1--5
\JY1/mc/m/n/10 す
 []


Overfull \hbox (9.62216pt too wide) in paragraph at lines 1--5
\JY1/mc/m/n/10 る
 []


Overfull \hbox (9.62216pt too wide) in paragraph at lines 1--5
\JY1/mc/m/n/10 こ
 []


Overfull \hbox (9.62216pt too wide) in paragraph at lines 1--5
\JY1/mc/m/n/10 と
 []


Overfull \hbox (9.62216pt too wide) in paragraph at lines 1--5
\JY1/mc/m/n/10 が
 []


Overfull \hbox (9.62216pt too wide) in paragraph at lines 1--5
\JY1/mc/m/n/10 で
 []


Overfull \hbox (12.39995pt too wide) in paragraph at lines 1--5
\JY1/mc/m/n/10 き\OT1/cmr/m/n/10 ,
 []


Overfull \hbox (9.62216pt too wide) in paragraph at lines 1--5
\JY1/mc/m/n/10 同
 []


Overfull \hbox (9.62216pt too wide) in paragraph at lines 1--5
\JY1/mc/m/n/10 期
 []


Overfull \hbox (9.62216pt too wide) in paragraph at lines 1--5
\JY1/mc/m/n/10 編
 []


Overfull \hbox (9.62216pt too wide) in paragraph at lines 1--5
\JY1/mc/m/n/10 集
 []


Overfull \hbox (9.62216pt too wide) in paragraph at lines 1--5
\JY1/mc/m/n/10 可
 []


Overfull \hbox (9.62216pt too wide) in paragraph at lines 1--5
\JY1/mc/m/n/10 能
 []


Overfull \hbox (9.62216pt too wide) in paragraph at lines 1--5
\JY1/mc/m/n/10 な
 []


Overfull \hbox (12.63892pt too wide) in paragraph at lines 1--5
\OT1/cmr/m/n/10 3D
 []


Overfull \hbox (9.62216pt too wide) in paragraph at lines 1--5
\JY1/mc/m/n/10 モ
 []


Overfull \hbox (9.62216pt too wide) in paragraph at lines 1--5
\JY1/mc/m/n/10 デ
 []


Overfull \hbox (9.62216pt too wide) in paragraph at lines 1--5
\JY1/mc/m/n/10 リ
 []


Overfull \hbox (9.62216pt too wide) in paragraph at lines 1--5
\JY1/mc/m/n/10 ン
 []


Overfull \hbox (9.62216pt too wide) in paragraph at lines 1--5
\JY1/mc/m/n/10 グ
 []


Overfull \hbox (9.62216pt too wide) in paragraph at lines 1--5
\JY1/mc/m/n/10 を
 []


Overfull \hbox (9.62216pt too wide) in paragraph at lines 1--5
\JY1/mc/m/n/10 実
 []


Overfull \hbox (9.62216pt too wide) in paragraph at lines 1--5
\JY1/mc/m/n/10 現
 []


Overfull \hbox (9.62216pt too wide) in paragraph at lines 1--5
\JY1/mc/m/n/10 で
 []


Overfull \hbox (9.62216pt too wide) in paragraph at lines 1--5
\JY1/mc/m/n/10 き
 []


Overfull \hbox (12.39995pt too wide) in paragraph at lines 1--5
\JY1/mc/m/n/10 る\OT1/cmr/m/n/10 . 
 []


./conclusion.tex:5: LaTeX Error: The font size command \normalsize is not defined:
               there is probably something wrong with the class file.

See the LaTeX manual or LaTeX Companion for explanation.
Type  H <return>  for immediate help.
 ...                                              
                                                  
l.5 
    
Your command was ignored.
Type  I <command> <return>  to replace it with another command,
or  <return>  to continue without it.

[1
./conclusion.tex:5: Undefined control sequence.
<write> \newlabel{chap:conclusion}{{}{\thepage 
                                               }}
l.5 
    
The control sequence at the end of the top line
of your error message was never \def'ed. If you have
misspelled it (e.g., `\hobx'), type `I' and the correct
spelling (e.g., `I\hbox'). Otherwise just continue,
and I'll forget about whatever was undefined.

\newlabel{chap:conclusion}{{}{}}
]

./conclusion.tex:6: LaTeX Error: Missing \begin{document}.

See the LaTeX manual or LaTeX Companion for explanation.
Type  H <return>  for immediate help.
 ...                                              
                                                  
l.6 さ
      らに, 3Dモデリングではオブジェクトを移動し, 複数の頂点が一度に更新され...
You're in trouble here.  Try typing  <return>  to proceed.
If that doesn't work, type  X <return>  to quit.

)
! Emergency stop.
<*> conclusion.tex
                  
*** (job aborted, no legal \end found)

 
Here is how much of TeX's memory you used:
 5 strings out of 493683
 68 string characters out of 6149653
 59914 words of memory out of 5000000
 3671 multiletter control sequences out of 15000+600000
 7511 words of font info for 31 fonts, out of 8000000 for 9000
 929 hyphenation exceptions out of 8191
 16i,4n,10p,383b,106s stack positions out of 5000i,500n,10000p,200000b,80000s
Output written on conclusion.dvi (1 page, 848 bytes).
