This is e-pTeX, Version 3.14159265-p3.7-160201-2.6 (utf8.euc) (TeX Live 2016) (preloaded format=platex 2017.1.28)  8 FEB 2017 04:39
entering extended mode
 restricted \write18 enabled.
 file:line:error style messages enabled.
 %&-line parsing enabled.
**introduction.tex
(./introduction.tex
pLaTeX2e <2016/11/29> (based on LaTeX2e <2017/01/01> patch level 1)
Babel <3.9r> and hyphenation patterns for 83 language(s) loaded.
./introduction.tex:1: Undefined control sequence.
l.1 \chapter
            {はじめに}
The control sequence at the end of the top line
of your error message was never \def'ed. If you have
misspelled it (e.g., `\hobx'), type `I' and the correct
spelling (e.g., `I\hbox'). Otherwise just continue,
and I'll forget about whatever was undefined.


./introduction.tex:1: LaTeX Error: Missing \begin{document}.

See the LaTeX manual or LaTeX Companion for explanation.
Type  H <return>  for immediate help.
 ...                                              
                                                  
l.1 \chapter{は
               じめに}
You're in trouble here.  Try typing  <return>  to proceed.
If that doesn't work, type  X <return>  to quit.

\citation{GOOGLEDOCS}
LaTeX Font Info:    Font shape `JT1/mc/bx/n' in size <10> not available
(Font)              Font shape `JT1/gt/m/n' tried instead on input line 5.
LaTeX Font Info:    Font shape `JY1/mc/bx/n' in size <10> not available
(Font)              Font shape `JY1/gt/m/n' tried instead on input line 5.
./introduction.tex:5: Undefined control sequence.
<write> ...: Citation `\@citeb ' on page \thepage 
                                                  \space undefined\on@line .^^J
l.5 近年, Googleドキュメント\cite{GOOGLEDOCS}
                                             やMicrosoft Word Online\cite{WO...
The control sequence at the end of the top line
of your error message was never \def'ed. If you have
misspelled it (e.g., `\hobx'), type `I' and the correct
spelling (e.g., `I\hbox'). Otherwise just continue,
and I'll forget about whatever was undefined.


LaTeX Warning: Citation `GOOGLEDOCS' on page  undefined on input line 5.

\citation{WORDONLINE}
./introduction.tex:5: Undefined control sequence.
<write> ...: Citation `\@citeb ' on page \thepage 
                                                  \space undefined\on@line .^^J
l.5 ...CS}やMicrosoft Word Online\cite{WORDONLINE}
                                                  に代表されるテキスト編集を...
The control sequence at the end of the top line
of your error message was never \def'ed. If you have
misspelled it (e.g., `\hobx'), type `I' and the correct
spelling (e.g., `I\hbox'). Otherwise just continue,
and I'll forget about whatever was undefined.


LaTeX Warning: Citation `WORDONLINE' on page  undefined on input line 5.

\citation{COMAYA}
./introduction.tex:8: Undefined control sequence.
<write> ...: Citation `\@citeb ' on page \thepage 
                                                  \space undefined\on@line .^^J
l.8 CoMaya\cite{COMAYA}
                       は操作変換を応用して3Dモデリングにおける同期を可能に...
The control sequence at the end of the top line
of your error message was never \def'ed. If you have
misspelled it (e.g., `\hobx'), type `I' and the correct
spelling (e.g., `I\hbox'). Otherwise just continue,
and I'll forget about whatever was undefined.


LaTeX Warning: Citation `COMAYA' on page  undefined on input line 8.

\citation{COMAYA}
./introduction.tex:9: Undefined control sequence.
<write> ...: Citation `\@citeb ' on page \thepage 
                                                  \space undefined\on@line .^^J
l.9 しかし, \cite{COMAYA}
                         の操作変換は, 面と頂点, オブジェクトと面などの依存...
The control sequence at the end of the top line
of your error message was never \def'ed. If you have
misspelled it (e.g., `\hobx'), type `I' and the correct
spelling (e.g., `I\hbox'). Otherwise just continue,
and I'll forget about whatever was undefined.


LaTeX Warning: Citation `COMAYA' on page  undefined on input line 9.

\citation{DS}
./introduction.tex:12: Undefined control sequence.
<write> ...: Citation `\@citeb ' on page \thepage 
                                                  \space undefined\on@line .^^J
l.12 Differential Synchronization\cite{DS}
                                          は, 操作変換とは別の同期手法であり...
The control sequence at the end of the top line
of your error message was never \def'ed. If you have
misspelled it (e.g., `\hobx'), type `I' and the correct
spelling (e.g., `I\hbox'). Otherwise just continue,
and I'll forget about whatever was undefined.


LaTeX Warning: Citation `DS' on page  undefined on input line 12.


Overfull \hbox (20.0pt too wide) in paragraph at lines 1--16
[]
 []


Overfull \hbox (9.62216pt too wide) in paragraph at lines 1--16
\JY1/mc/m/n/10 は
 []


Overfull \hbox (9.62216pt too wide) in paragraph at lines 1--16
\JY1/mc/m/n/10 じ
 []


Overfull \hbox (9.62216pt too wide) in paragraph at lines 1--16
\JY1/mc/m/n/10 め
 []


Overfull \hbox (9.62216pt too wide) in paragraph at lines 1--16
\JY1/mc/m/n/10 に
 []


Overfull \hbox (9.62216pt too wide) in paragraph at lines 1--16
\JY1/mc/m/n/10 近
 []


Overfull \hbox (12.39995pt too wide) in paragraph at lines 1--16
\JY1/mc/m/n/10 年\OT1/cmr/m/n/10 ,
 []


Overfull \hbox (30.34729pt too wide) in paragraph at lines 1--16
\OT1/cmr/m/n/10 Google
 []


Overfull \hbox (9.62216pt too wide) in paragraph at lines 1--16
\JY1/mc/m/n/10 ド
 []


Overfull \hbox (9.62216pt too wide) in paragraph at lines 1--16
\JY1/mc/m/n/10 キ
 []


Overfull \hbox (7.47433pt too wide) in paragraph at lines 1--16
\JY1/mc/m/n/10 ュ
 []


Overfull \hbox (9.62216pt too wide) in paragraph at lines 1--16
\JY1/mc/m/n/10 メ
 []


Overfull \hbox (9.62216pt too wide) in paragraph at lines 1--16
\JY1/mc/m/n/10 ン
 []


Overfull \hbox (9.62216pt too wide) in paragraph at lines 1--16
\JY1/mc/m/n/10 ト
 []


Overfull \hbox (10.9861pt too wide) in paragraph at lines 1--16
\OT1/cmr/m/n/10 [[]]
 []


Overfull \hbox (9.62216pt too wide) in paragraph at lines 1--16
\JY1/mc/m/n/10 や
 []


Overfull \hbox (15.2778pt too wide) in paragraph at lines 1--16
\OT1/cmr/m/n/10 Mi-
 []


Overfull \hbox (29.25006pt too wide) in paragraph at lines 1--16
\OT1/cmr/m/n/10 crosoft
 []


Overfull \hbox (23.91672pt too wide) in paragraph at lines 1--16
\OT1/cmr/m/n/10 Word
 []


Overfull \hbox (39.87506pt too wide) in paragraph at lines 1--16
\OT1/cmr/m/n/10 Online[[]]
 []


Overfull \hbox (9.62216pt too wide) in paragraph at lines 1--16
\JY1/mc/m/n/10 に
 []


Overfull \hbox (9.62216pt too wide) in paragraph at lines 1--16
\JY1/mc/m/n/10 代
 []


Overfull \hbox (9.62216pt too wide) in paragraph at lines 1--16
\JY1/mc/m/n/10 表
 []


Overfull \hbox (9.62216pt too wide) in paragraph at lines 1--16
\JY1/mc/m/n/10 さ
 []


Overfull \hbox (9.62216pt too wide) in paragraph at lines 1--16
\JY1/mc/m/n/10 れ
 []


Overfull \hbox (9.62216pt too wide) in paragraph at lines 1--16
\JY1/mc/m/n/10 る
 []


Overfull \hbox (9.62216pt too wide) in paragraph at lines 1--16
\JY1/mc/m/n/10 テ
 []


Overfull \hbox (9.62216pt too wide) in paragraph at lines 1--16
\JY1/mc/m/n/10 キ
 []


Overfull \hbox (9.62216pt too wide) in paragraph at lines 1--16
\JY1/mc/m/n/10 ス
 []


Overfull \hbox (9.62216pt too wide) in paragraph at lines 1--16
\JY1/mc/m/n/10 ト
 []


Overfull \hbox (9.62216pt too wide) in paragraph at lines 1--16
\JY1/mc/m/n/10 編
 []


Overfull \hbox (9.62216pt too wide) in paragraph at lines 1--16
\JY1/mc/m/n/10 集
 []


Overfull \hbox (9.62216pt too wide) in paragraph at lines 1--16
\JY1/mc/m/n/10 を
 []


Overfull \hbox (9.62216pt too wide) in paragraph at lines 1--16
\JY1/mc/m/n/10 中
 []


Overfull \hbox (9.62216pt too wide) in paragraph at lines 1--16
\JY1/mc/m/n/10 心
 []


Overfull \hbox (12.39995pt too wide) in paragraph at lines 1--16
\JY1/mc/m/n/10 に\OT1/cmr/m/n/10 ,
 []


Overfull \hbox (9.62216pt too wide) in paragraph at lines 1--16
\JY1/mc/m/n/10 同
 []


Overfull \hbox (9.62216pt too wide) in paragraph at lines 1--16
\JY1/mc/m/n/10 期
 []


Overfull \hbox (9.62216pt too wide) in paragraph at lines 1--16
\JY1/mc/m/n/10 編
 []


Overfull \hbox (9.62216pt too wide) in paragraph at lines 1--16
\JY1/mc/m/n/10 集
 []


Overfull \hbox (9.62216pt too wide) in paragraph at lines 1--16
\JY1/mc/m/n/10 シ
 []


Overfull \hbox (9.62216pt too wide) in paragraph at lines 1--16
\JY1/mc/m/n/10 ス
 []


Overfull \hbox (9.62216pt too wide) in paragraph at lines 1--16
\JY1/mc/m/n/10 テ
 []


Overfull \hbox (9.62216pt too wide) in paragraph at lines 1--16
\JY1/mc/m/n/10 ム
 []


Overfull \hbox (9.62216pt too wide) in paragraph at lines 1--16
\JY1/mc/m/n/10 の
 []


Overfull \hbox (9.62216pt too wide) in paragraph at lines 1--16
\JY1/mc/m/n/10 研
 []


Overfull \hbox (9.62216pt too wide) in paragraph at lines 1--16
\JY1/mc/m/n/10 究
 []


Overfull \hbox (9.62216pt too wide) in paragraph at lines 1--16
\JY1/mc/m/n/10 や
 []


Overfull \hbox (9.62216pt too wide) in paragraph at lines 1--16
\JY1/mc/m/n/10 開
 []


Overfull \hbox (9.62216pt too wide) in paragraph at lines 1--16
\JY1/mc/m/n/10 発
 []


Overfull \hbox (9.62216pt too wide) in paragraph at lines 1--16
\JY1/mc/m/n/10 が
 []


Overfull \hbox (9.62216pt too wide) in paragraph at lines 1--16
\JY1/mc/m/n/10 注
 []


Overfull \hbox (9.62216pt too wide) in paragraph at lines 1--16
\JY1/mc/m/n/10 目
 []


Overfull \hbox (9.62216pt too wide) in paragraph at lines 1--16
\JY1/mc/m/n/10 さ
 []


Overfull \hbox (9.62216pt too wide) in paragraph at lines 1--16
\JY1/mc/m/n/10 れ
 []


Overfull \hbox (9.62216pt too wide) in paragraph at lines 1--16
\JY1/mc/m/n/10 て
 []


Overfull \hbox (9.62216pt too wide) in paragraph at lines 1--16
\JY1/mc/m/n/10 い
 []


Overfull \hbox (12.39995pt too wide) in paragraph at lines 1--16
\JY1/mc/m/n/10 る\OT1/cmr/m/n/10 .
 []


Overfull \hbox (9.62216pt too wide) in paragraph at lines 1--16
\JY1/mc/m/n/10 同
 []


Overfull \hbox (9.62216pt too wide) in paragraph at lines 1--16
\JY1/mc/m/n/10 期
 []


Overfull \hbox (9.62216pt too wide) in paragraph at lines 1--16
\JY1/mc/m/n/10 編
 []


Overfull \hbox (9.62216pt too wide) in paragraph at lines 1--16
\JY1/mc/m/n/10 集
 []


Overfull \hbox (9.62216pt too wide) in paragraph at lines 1--16
\JY1/mc/m/n/10 で
 []


Overfull \hbox (12.39995pt too wide) in paragraph at lines 1--16
\JY1/mc/m/n/10 は\OT1/cmr/m/n/10 ,
 []


Overfull \hbox (9.62216pt too wide) in paragraph at lines 1--16
\JY1/mc/m/n/10 同
 []


Overfull \hbox (9.62216pt too wide) in paragraph at lines 1--16
\JY1/mc/m/n/10 期
 []


Overfull \hbox (9.62216pt too wide) in paragraph at lines 1--16
\JY1/mc/m/n/10 す
 []


Overfull \hbox (9.62216pt too wide) in paragraph at lines 1--16
\JY1/mc/m/n/10 る
 []


Overfull \hbox (9.62216pt too wide) in paragraph at lines 1--16
\JY1/mc/m/n/10 際
 []


Overfull \hbox (9.62216pt too wide) in paragraph at lines 1--16
\JY1/mc/m/n/10 に
 []


Overfull \hbox (9.62216pt too wide) in paragraph at lines 1--16
\JY1/mc/m/n/10 生
 []


Overfull \hbox (9.62216pt too wide) in paragraph at lines 1--16
\JY1/mc/m/n/10 じ
 []


Overfull \hbox (9.62216pt too wide) in paragraph at lines 1--16
\JY1/mc/m/n/10 る
 []


Overfull \hbox (9.62216pt too wide) in paragraph at lines 1--16
\JY1/mc/m/n/10 編
 []


Overfull \hbox (9.62216pt too wide) in paragraph at lines 1--16
\JY1/mc/m/n/10 集
 []


Overfull \hbox (9.62216pt too wide) in paragraph at lines 1--16
\JY1/mc/m/n/10 の
 []


Overfull \hbox (9.62216pt too wide) in paragraph at lines 1--16
\JY1/mc/m/n/10 衝
 []


Overfull \hbox (9.62216pt too wide) in paragraph at lines 1--16
\JY1/mc/m/n/10 突
 []


Overfull \hbox (9.62216pt too wide) in paragraph at lines 1--16
\JY1/mc/m/n/10 を
 []


Overfull \hbox (9.62216pt too wide) in paragraph at lines 1--16
\JY1/mc/m/n/10 解
 []


Overfull \hbox (9.62216pt too wide) in paragraph at lines 1--16
\JY1/mc/m/n/10 消
 []


Overfull \hbox (9.62216pt too wide) in paragraph at lines 1--16
\JY1/mc/m/n/10 す
 []


Overfull \hbox (9.62216pt too wide) in paragraph at lines 1--16
\JY1/mc/m/n/10 る
 []


Overfull \hbox (9.62216pt too wide) in paragraph at lines 1--16
\JY1/mc/m/n/10 こ
 []


Overfull \hbox (9.62216pt too wide) in paragraph at lines 1--16
\JY1/mc/m/n/10 と
 []


Overfull \hbox (9.62216pt too wide) in paragraph at lines 1--16
\JY1/mc/m/n/10 が
 []


Overfull \hbox (9.62216pt too wide) in paragraph at lines 1--16
\JY1/mc/m/n/10 主
 []


Overfull \hbox (9.62216pt too wide) in paragraph at lines 1--16
\JY1/mc/m/n/10 な
 []


Overfull \hbox (9.62216pt too wide) in paragraph at lines 1--16
\JY1/mc/m/n/10 課
 []


Overfull \hbox (9.62216pt too wide) in paragraph at lines 1--16
\JY1/mc/m/n/10 題
 []


Overfull \hbox (9.62216pt too wide) in paragraph at lines 1--16
\JY1/mc/m/n/10 で
 []


Overfull \hbox (9.62216pt too wide) in paragraph at lines 1--16
\JY1/mc/m/n/10 あ
 []


Overfull \hbox (12.39995pt too wide) in paragraph at lines 1--16
\JY1/mc/m/n/10 る\OT1/cmr/m/n/10 .
 []


Overfull \hbox (9.62216pt too wide) in paragraph at lines 1--16
\JY1/mc/m/n/10 編
 []


Overfull \hbox (9.62216pt too wide) in paragraph at lines 1--16
\JY1/mc/m/n/10 集
 []


Overfull \hbox (9.62216pt too wide) in paragraph at lines 1--16
\JY1/mc/m/n/10 の
 []


Overfull \hbox (9.62216pt too wide) in paragraph at lines 1--16
\JY1/mc/m/n/10 衝
 []


Overfull \hbox (9.62216pt too wide) in paragraph at lines 1--16
\JY1/mc/m/n/10 突
 []


Overfull \hbox (9.62216pt too wide) in paragraph at lines 1--16
\JY1/mc/m/n/10 を
 []


Overfull \hbox (9.62216pt too wide) in paragraph at lines 1--16
\JY1/mc/m/n/10 解
 []


Overfull \hbox (9.62216pt too wide) in paragraph at lines 1--16
\JY1/mc/m/n/10 消
 []


Overfull \hbox (9.62216pt too wide) in paragraph at lines 1--16
\JY1/mc/m/n/10 で
 []


Overfull \hbox (12.39995pt too wide) in paragraph at lines 1--16
\JY1/mc/m/n/10 き\OT1/cmr/m/n/10 ,
 []


Overfull \hbox (9.62216pt too wide) in paragraph at lines 1--16
\JY1/mc/m/n/10 広
 []


Overfull \hbox (9.62216pt too wide) in paragraph at lines 1--16
\JY1/mc/m/n/10 く
 []


Overfull \hbox (9.62216pt too wide) in paragraph at lines 1--16
\JY1/mc/m/n/10 使
 []


Overfull \hbox (9.62216pt too wide) in paragraph at lines 1--16
\JY1/mc/m/n/10 わ
 []


Overfull \hbox (9.62216pt too wide) in paragraph at lines 1--16
\JY1/mc/m/n/10 れ
 []


Overfull \hbox (9.62216pt too wide) in paragraph at lines 1--16
\JY1/mc/m/n/10 て
 []


Overfull \hbox (9.62216pt too wide) in paragraph at lines 1--16
\JY1/mc/m/n/10 い
 []


Overfull \hbox (9.62216pt too wide) in paragraph at lines 1--16
\JY1/mc/m/n/10 る
 []


Overfull \hbox (9.62216pt too wide) in paragraph at lines 1--16
\JY1/mc/m/n/10 手
 []


Overfull \hbox (9.62216pt too wide) in paragraph at lines 1--16
\JY1/mc/m/n/10 法
 []


Overfull \hbox (9.62216pt too wide) in paragraph at lines 1--16
\JY1/mc/m/n/10 と
 []


Overfull \hbox (9.62216pt too wide) in paragraph at lines 1--16
\JY1/mc/m/n/10 し
 []


Overfull \hbox (9.62216pt too wide) in paragraph at lines 1--16
\JY1/mc/m/n/10 て
 []


Overfull \hbox (9.62216pt too wide) in paragraph at lines 1--16
\JY1/mc/m/n/10 操
 []


Overfull \hbox (9.62216pt too wide) in paragraph at lines 1--16
\JY1/mc/m/n/10 作
 []


Overfull \hbox (9.62216pt too wide) in paragraph at lines 1--16
\JY1/mc/m/n/10 変
 []


Overfull \hbox (9.62216pt too wide) in paragraph at lines 1--16
\JY1/mc/m/n/10 換
 []


Overfull \hbox (9.62216pt too wide) in paragraph at lines 1--16
\JY1/mc/m/n/10 が
 []


Overfull \hbox (9.62216pt too wide) in paragraph at lines 1--16
\JY1/mc/m/n/10 あ
 []


Overfull \hbox (12.39995pt too wide) in paragraph at lines 1--16
\JY1/mc/m/n/10 る\OT1/cmr/m/n/10 .
 []


Overfull \hbox (47.09729pt too wide) in paragraph at lines 1--16
\OT1/cmr/m/n/10 CoMaya[[]]
 []


Overfull \hbox (9.62216pt too wide) in paragraph at lines 1--16
\JY1/mc/m/n/10 は
 []


Overfull \hbox (9.62216pt too wide) in paragraph at lines 1--16
\JY1/mc/m/n/10 操
 []


Overfull \hbox (9.62216pt too wide) in paragraph at lines 1--16
\JY1/mc/m/n/10 作
 []


Overfull \hbox (9.62216pt too wide) in paragraph at lines 1--16
\JY1/mc/m/n/10 変
 []


Overfull \hbox (9.62216pt too wide) in paragraph at lines 1--16
\JY1/mc/m/n/10 換
 []


Overfull \hbox (9.62216pt too wide) in paragraph at lines 1--16
\JY1/mc/m/n/10 を
 []


Overfull \hbox (9.62216pt too wide) in paragraph at lines 1--16
\JY1/mc/m/n/10 応
 []


Overfull \hbox (9.62216pt too wide) in paragraph at lines 1--16
\JY1/mc/m/n/10 用
 []


Overfull \hbox (9.62216pt too wide) in paragraph at lines 1--16
\JY1/mc/m/n/10 し
 []


Overfull \hbox (9.62216pt too wide) in paragraph at lines 1--16
\JY1/mc/m/n/10 て
 []


Overfull \hbox (12.63892pt too wide) in paragraph at lines 1--16
\OT1/cmr/m/n/10 3D
 []


Overfull \hbox (9.62216pt too wide) in paragraph at lines 1--16
\JY1/mc/m/n/10 モ
 []


Overfull \hbox (9.62216pt too wide) in paragraph at lines 1--16
\JY1/mc/m/n/10 デ
 []


Overfull \hbox (9.62216pt too wide) in paragraph at lines 1--16
\JY1/mc/m/n/10 リ
 []


Overfull \hbox (9.62216pt too wide) in paragraph at lines 1--16
\JY1/mc/m/n/10 ン
 []


Overfull \hbox (9.62216pt too wide) in paragraph at lines 1--16
\JY1/mc/m/n/10 グ
 []


Overfull \hbox (9.62216pt too wide) in paragraph at lines 1--16
\JY1/mc/m/n/10 に
 []


Overfull \hbox (9.62216pt too wide) in paragraph at lines 1--16
\JY1/mc/m/n/10 お
 []


Overfull \hbox (9.62216pt too wide) in paragraph at lines 1--16
\JY1/mc/m/n/10 け
 []


Overfull \hbox (9.62216pt too wide) in paragraph at lines 1--16
\JY1/mc/m/n/10 る
 []


Overfull \hbox (9.62216pt too wide) in paragraph at lines 1--16
\JY1/mc/m/n/10 同
 []


Overfull \hbox (9.62216pt too wide) in paragraph at lines 1--16
\JY1/mc/m/n/10 期
 []


Overfull \hbox (9.62216pt too wide) in paragraph at lines 1--16
\JY1/mc/m/n/10 を
 []


Overfull \hbox (9.62216pt too wide) in paragraph at lines 1--16
\JY1/mc/m/n/10 可
 []


Overfull \hbox (9.62216pt too wide) in paragraph at lines 1--16
\JY1/mc/m/n/10 能
 []


Overfull \hbox (9.62216pt too wide) in paragraph at lines 1--16
\JY1/mc/m/n/10 に
 []


Overfull \hbox (9.62216pt too wide) in paragraph at lines 1--16
\JY1/mc/m/n/10 し
 []


Overfull \hbox (12.39995pt too wide) in paragraph at lines 1--16
\JY1/mc/m/n/10 た\OT1/cmr/m/n/10 .
 []


Overfull \hbox (9.62216pt too wide) in paragraph at lines 1--16
\JY1/mc/m/n/10 し
 []


Overfull \hbox (9.62216pt too wide) in paragraph at lines 1--16
\JY1/mc/m/n/10 か
 []


Overfull \hbox (12.39995pt too wide) in paragraph at lines 1--16
\JY1/mc/m/n/10 し\OT1/cmr/m/n/10 ,
 []


Overfull \hbox (10.9861pt too wide) in paragraph at lines 1--16
\OT1/cmr/m/n/10 [[]]
 []


Overfull \hbox (9.62216pt too wide) in paragraph at lines 1--16
\JY1/mc/m/n/10 の
 []


Overfull \hbox (9.62216pt too wide) in paragraph at lines 1--16
\JY1/mc/m/n/10 操
 []


Overfull \hbox (9.62216pt too wide) in paragraph at lines 1--16
\JY1/mc/m/n/10 作
 []


Overfull \hbox (9.62216pt too wide) in paragraph at lines 1--16
\JY1/mc/m/n/10 変
 []


Overfull \hbox (9.62216pt too wide) in paragraph at lines 1--16
\JY1/mc/m/n/10 換
 []


Overfull \hbox (12.39995pt too wide) in paragraph at lines 1--16
\JY1/mc/m/n/10 は\OT1/cmr/m/n/10 ,
 []


Overfull \hbox (9.62216pt too wide) in paragraph at lines 1--16
\JY1/mc/m/n/10 面
 []


Overfull \hbox (9.62216pt too wide) in paragraph at lines 1--16
\JY1/mc/m/n/10 と
 []


Overfull \hbox (9.62216pt too wide) in paragraph at lines 1--16
\JY1/mc/m/n/10 頂
 []


Overfull \hbox (12.39995pt too wide) in paragraph at lines 1--16
\JY1/mc/m/n/10 点\OT1/cmr/m/n/10 ,
 []


Overfull \hbox (9.62216pt too wide) in paragraph at lines 1--16
\JY1/mc/m/n/10 オ
 []


Overfull \hbox (9.62216pt too wide) in paragraph at lines 1--16
\JY1/mc/m/n/10 ブ
 []


Overfull \hbox (9.62216pt too wide) in paragraph at lines 1--16
\JY1/mc/m/n/10 ジ
 []


Overfull \hbox (7.47433pt too wide) in paragraph at lines 1--16
\JY1/mc/m/n/10 ェ
 []


Overfull \hbox (9.62216pt too wide) in paragraph at lines 1--16
\JY1/mc/m/n/10 ク
 []


Overfull \hbox (9.62216pt too wide) in paragraph at lines 1--16
\JY1/mc/m/n/10 ト
 []


Overfull \hbox (9.62216pt too wide) in paragraph at lines 1--16
\JY1/mc/m/n/10 と
 []


Overfull \hbox (9.62216pt too wide) in paragraph at lines 1--16
\JY1/mc/m/n/10 面
 []


Overfull \hbox (9.62216pt too wide) in paragraph at lines 1--16
\JY1/mc/m/n/10 な
 []


Overfull \hbox (9.62216pt too wide) in paragraph at lines 1--16
\JY1/mc/m/n/10 ど
 []


Overfull \hbox (9.62216pt too wide) in paragraph at lines 1--16
\JY1/mc/m/n/10 の
 []


Overfull \hbox (9.62216pt too wide) in paragraph at lines 1--16
\JY1/mc/m/n/10 依
 []


Overfull \hbox (9.62216pt too wide) in paragraph at lines 1--16
\JY1/mc/m/n/10 存
 []


Overfull \hbox (9.62216pt too wide) in paragraph at lines 1--16
\JY1/mc/m/n/10 関
 []


Overfull \hbox (9.62216pt too wide) in paragraph at lines 1--16
\JY1/mc/m/n/10 係
 []


Overfull \hbox (9.62216pt too wide) in paragraph at lines 1--16
\JY1/mc/m/n/10 が
 []


Overfull \hbox (9.62216pt too wide) in paragraph at lines 1--16
\JY1/mc/m/n/10 あ
 []


Overfull \hbox (9.62216pt too wide) in paragraph at lines 1--16
\JY1/mc/m/n/10 る
 []


Overfull \hbox (9.62216pt too wide) in paragraph at lines 1--16
\JY1/mc/m/n/10 要
 []


Overfull \hbox (9.62216pt too wide) in paragraph at lines 1--16
\JY1/mc/m/n/10 素
 []


Overfull \hbox (9.62216pt too wide) in paragraph at lines 1--16
\JY1/mc/m/n/10 に
 []


Overfull \hbox (9.62216pt too wide) in paragraph at lines 1--16
\JY1/mc/m/n/10 対
 []


Overfull \hbox (9.62216pt too wide) in paragraph at lines 1--16
\JY1/mc/m/n/10 す
 []


Overfull \hbox (9.62216pt too wide) in paragraph at lines 1--16
\JY1/mc/m/n/10 る
 []


Overfull \hbox (9.62216pt too wide) in paragraph at lines 1--16
\JY1/mc/m/n/10 同
 []


Overfull \hbox (9.62216pt too wide) in paragraph at lines 1--16
\JY1/mc/m/n/10 期
 []


Overfull \hbox (9.62216pt too wide) in paragraph at lines 1--16
\JY1/mc/m/n/10 は
 []


Overfull \hbox (9.62216pt too wide) in paragraph at lines 1--16
\JY1/mc/m/n/10 不
 []


Overfull \hbox (9.62216pt too wide) in paragraph at lines 1--16
\JY1/mc/m/n/10 可
 []


Overfull \hbox (9.62216pt too wide) in paragraph at lines 1--16
\JY1/mc/m/n/10 能
 []


Overfull \hbox (9.62216pt too wide) in paragraph at lines 1--16
\JY1/mc/m/n/10 で
 []


Overfull \hbox (9.62216pt too wide) in paragraph at lines 1--16
\JY1/mc/m/n/10 あ
 []


Overfull \hbox (12.39995pt too wide) in paragraph at lines 1--16
\JY1/mc/m/n/10 る\OT1/cmr/m/n/10 .
 []


Overfull \hbox (9.62216pt too wide) in paragraph at lines 1--16
\JY1/mc/m/n/10 そ
 []


Overfull \hbox (9.62216pt too wide) in paragraph at lines 1--16
\JY1/mc/m/n/10 の
 []


Overfull \hbox (9.62216pt too wide) in paragraph at lines 1--16
\JY1/mc/m/n/10 た
 []


Overfull \hbox (9.62216pt too wide) in paragraph at lines 1--16
\JY1/mc/m/n/10 め
 []


Overfull \hbox (15.55557pt too wide) in paragraph at lines 1--16
\OT1/cmr/m/n/10 Co-
 []


Overfull \hbox (23.88895pt too wide) in paragraph at lines 1--16
\OT1/cmr/m/n/10 Maya
 []


Overfull \hbox (9.62216pt too wide) in paragraph at lines 1--16
\JY1/mc/m/n/10 で
 []


Overfull \hbox (9.62216pt too wide) in paragraph at lines 1--16
\JY1/mc/m/n/10 は
 []


Overfull \hbox (9.62216pt too wide) in paragraph at lines 1--16
\JY1/mc/m/n/10 オ
 []


Overfull \hbox (9.62216pt too wide) in paragraph at lines 1--16
\JY1/mc/m/n/10 ブ
 []


Overfull \hbox (9.62216pt too wide) in paragraph at lines 1--16
\JY1/mc/m/n/10 ジ
 []


Overfull \hbox (7.47433pt too wide) in paragraph at lines 1--16
\JY1/mc/m/n/10 ェ
 []


Overfull \hbox (9.62216pt too wide) in paragraph at lines 1--16
\JY1/mc/m/n/10 ク
 []


Overfull \hbox (9.62216pt too wide) in paragraph at lines 1--16
\JY1/mc/m/n/10 ト
 []


Overfull \hbox (9.62216pt too wide) in paragraph at lines 1--16
\JY1/mc/m/n/10 単
 []


Overfull \hbox (9.62216pt too wide) in paragraph at lines 1--16
\JY1/mc/m/n/10 位
 []


Overfull \hbox (9.62216pt too wide) in paragraph at lines 1--16
\JY1/mc/m/n/10 の
 []


Overfull \hbox (9.62216pt too wide) in paragraph at lines 1--16
\JY1/mc/m/n/10 同
 []


Overfull \hbox (9.62216pt too wide) in paragraph at lines 1--16
\JY1/mc/m/n/10 期
 []


Overfull \hbox (9.62216pt too wide) in paragraph at lines 1--16
\JY1/mc/m/n/10 に
 []


Overfull \hbox (9.62216pt too wide) in paragraph at lines 1--16
\JY1/mc/m/n/10 留
 []


Overfull \hbox (9.62216pt too wide) in paragraph at lines 1--16
\JY1/mc/m/n/10 ま
 []


Overfull \hbox (7.47433pt too wide) in paragraph at lines 1--16
\JY1/mc/m/n/10 っ
 []


Overfull \hbox (9.62216pt too wide) in paragraph at lines 1--16
\JY1/mc/m/n/10 て
 []


Overfull \hbox (9.62216pt too wide) in paragraph at lines 1--16
\JY1/mc/m/n/10 い
 []


Overfull \hbox (12.39995pt too wide) in paragraph at lines 1--16
\JY1/mc/m/n/10 る\OT1/cmr/m/n/10 .
 []


Overfull \hbox (9.62216pt too wide) in paragraph at lines 1--16
\JY1/mc/m/n/10 よ
 []


Overfull \hbox (9.62216pt too wide) in paragraph at lines 1--16
\JY1/mc/m/n/10 り
 []


Overfull \hbox (9.62216pt too wide) in paragraph at lines 1--16
\JY1/mc/m/n/10 柔
 []


Overfull \hbox (9.62216pt too wide) in paragraph at lines 1--16
\JY1/mc/m/n/10 軟
 []


Overfull \hbox (9.62216pt too wide) in paragraph at lines 1--16
\JY1/mc/m/n/10 に
 []


Overfull \hbox (9.62216pt too wide) in paragraph at lines 1--16
\JY1/mc/m/n/10 同
 []


Overfull \hbox (9.62216pt too wide) in paragraph at lines 1--16
\JY1/mc/m/n/10 期
 []


Overfull \hbox (9.62216pt too wide) in paragraph at lines 1--16
\JY1/mc/m/n/10 編
 []


Overfull \hbox (9.62216pt too wide) in paragraph at lines 1--16
\JY1/mc/m/n/10 集
 []


Overfull \hbox (9.62216pt too wide) in paragraph at lines 1--16
\JY1/mc/m/n/10 を
 []


Overfull \hbox (9.62216pt too wide) in paragraph at lines 1--16
\JY1/mc/m/n/10 す
 []


Overfull \hbox (9.62216pt too wide) in paragraph at lines 1--16
\JY1/mc/m/n/10 る
 []


Overfull \hbox (9.62216pt too wide) in paragraph at lines 1--16
\JY1/mc/m/n/10 に
 []


Overfull \hbox (12.39995pt too wide) in paragraph at lines 1--16
\JY1/mc/m/n/10 は\OT1/cmr/m/n/10 ,
 []


Overfull \hbox (9.62216pt too wide) in paragraph at lines 1--16
\JY1/mc/m/n/10 頂
 []


Overfull \hbox (9.62216pt too wide) in paragraph at lines 1--16
\JY1/mc/m/n/10 点
 []


Overfull \hbox (9.62216pt too wide) in paragraph at lines 1--16
\JY1/mc/m/n/10 の
 []


Overfull \hbox (9.62216pt too wide) in paragraph at lines 1--16
\JY1/mc/m/n/10 操
 []


Overfull \hbox (9.62216pt too wide) in paragraph at lines 1--16
\JY1/mc/m/n/10 作
 []


Overfull \hbox (9.62216pt too wide) in paragraph at lines 1--16
\JY1/mc/m/n/10 も
 []


Overfull \hbox (9.62216pt too wide) in paragraph at lines 1--16
\JY1/mc/m/n/10 含
 []


Overfull \hbox (9.62216pt too wide) in paragraph at lines 1--16
\JY1/mc/m/n/10 め
 []


Overfull \hbox (9.62216pt too wide) in paragraph at lines 1--16
\JY1/mc/m/n/10 た
 []


Overfull \hbox (5.00002pt too wide) in paragraph at lines 1--16
\OT1/cmr/m/n/10 3
 []


Overfull \hbox (9.62216pt too wide) in paragraph at lines 1--16
\JY1/mc/m/n/10 次
 []


Overfull \hbox (9.62216pt too wide) in paragraph at lines 1--16
\JY1/mc/m/n/10 元
 []


Overfull \hbox (18.74432pt too wide) in paragraph at lines 1--16
\JY1/mc/m/n/10 デ ー
 []


Overfull \hbox (9.62216pt too wide) in paragraph at lines 1--16
\JY1/mc/m/n/10 タ
 []


Overfull \hbox (9.62216pt too wide) in paragraph at lines 1--16
\JY1/mc/m/n/10 の
 []


Overfull \hbox (9.62216pt too wide) in paragraph at lines 1--16
\JY1/mc/m/n/10 同
 []


Overfull \hbox (9.62216pt too wide) in paragraph at lines 1--16
\JY1/mc/m/n/10 期
 []


Overfull \hbox (9.62216pt too wide) in paragraph at lines 1--16
\JY1/mc/m/n/10 す
 []


Overfull \hbox (9.62216pt too wide) in paragraph at lines 1--16
\JY1/mc/m/n/10 る
 []


Overfull \hbox (9.62216pt too wide) in paragraph at lines 1--16
\JY1/mc/m/n/10 必
 []


Overfull \hbox (9.62216pt too wide) in paragraph at lines 1--16
\JY1/mc/m/n/10 要
 []


Overfull \hbox (9.62216pt too wide) in paragraph at lines 1--16
\JY1/mc/m/n/10 が
 []


Overfull \hbox (9.62216pt too wide) in paragraph at lines 1--16
\JY1/mc/m/n/10 あ
 []


Overfull \hbox (12.39995pt too wide) in paragraph at lines 1--16
\JY1/mc/m/n/10 る\OT1/cmr/m/n/10 .
 []


Overfull \hbox (16.80559pt too wide) in paragraph at lines 1--16
\OT1/cmr/m/n/10 Dif-
 []


Overfull \hbox (14.75002pt too wide) in paragraph at lines 1--16
\OT1/cmr/m/n/10 fer-
 []


Overfull \hbox (13.33334pt too wide) in paragraph at lines 1--16
\OT1/cmr/m/n/10 en-
 []


Overfull \hbox (14.44449pt too wide) in paragraph at lines 1--16
\OT1/cmr/m/n/10 tial
 []


Overfull \hbox (81.01405pt too wide) in paragraph at lines 1--16
\OT1/cmr/m/n/10 Synchronization[[]]
 []


Overfull \hbox (12.39995pt too wide) in paragraph at lines 1--16
\JY1/mc/m/n/10 は\OT1/cmr/m/n/10 ,
 []


Overfull \hbox (9.62216pt too wide) in paragraph at lines 1--16
\JY1/mc/m/n/10 操
 []


Overfull \hbox (9.62216pt too wide) in paragraph at lines 1--16
\JY1/mc/m/n/10 作
 []


Overfull \hbox (9.62216pt too wide) in paragraph at lines 1--16
\JY1/mc/m/n/10 変
 []


Overfull \hbox (9.62216pt too wide) in paragraph at lines 1--16
\JY1/mc/m/n/10 換
 []


Overfull \hbox (9.62216pt too wide) in paragraph at lines 1--16
\JY1/mc/m/n/10 と
 []


Overfull \hbox (9.62216pt too wide) in paragraph at lines 1--16
\JY1/mc/m/n/10 は
 []


Overfull \hbox (9.62216pt too wide) in paragraph at lines 1--16
\JY1/mc/m/n/10 別
 []


Overfull \hbox (9.62216pt too wide) in paragraph at lines 1--16
\JY1/mc/m/n/10 の
 []


Overfull \hbox (9.62216pt too wide) in paragraph at lines 1--16
\JY1/mc/m/n/10 同
 []


Overfull \hbox (9.62216pt too wide) in paragraph at lines 1--16
\JY1/mc/m/n/10 期
 []


Overfull \hbox (9.62216pt too wide) in paragraph at lines 1--16
\JY1/mc/m/n/10 手
 []


Overfull \hbox (9.62216pt too wide) in paragraph at lines 1--16
\JY1/mc/m/n/10 法
 []


Overfull \hbox (9.62216pt too wide) in paragraph at lines 1--16
\JY1/mc/m/n/10 で
 []


Overfull \hbox (9.62216pt too wide) in paragraph at lines 1--16
\JY1/mc/m/n/10 あ
 []


Overfull \hbox (12.39995pt too wide) in paragraph at lines 1--16
\JY1/mc/m/n/10 り\OT1/cmr/m/n/10 ,
 []


Overfull \hbox (17.0965pt too wide) in paragraph at lines 1--16
\JY1/mc/m/n/10 元 々
 []


Overfull \hbox (9.62216pt too wide) in paragraph at lines 1--16
\JY1/mc/m/n/10 は
 []


Overfull \hbox (9.62216pt too wide) in paragraph at lines 1--16
\JY1/mc/m/n/10 テ
 []


Overfull \hbox (9.62216pt too wide) in paragraph at lines 1--16
\JY1/mc/m/n/10 キ
 []


Overfull \hbox (9.62216pt too wide) in paragraph at lines 1--16
\JY1/mc/m/n/10 ス
 []


Overfull \hbox (9.62216pt too wide) in paragraph at lines 1--16
\JY1/mc/m/n/10 ト
 []


Overfull \hbox (9.62216pt too wide) in paragraph at lines 1--16
\JY1/mc/m/n/10 編
 []


Overfull \hbox (9.62216pt too wide) in paragraph at lines 1--16
\JY1/mc/m/n/10 集
 []


Overfull \hbox (9.62216pt too wide) in paragraph at lines 1--16
\JY1/mc/m/n/10 を
 []


Overfull \hbox (9.62216pt too wide) in paragraph at lines 1--16
\JY1/mc/m/n/10 対
 []


Overfull \hbox (9.62216pt too wide) in paragraph at lines 1--16
\JY1/mc/m/n/10 象
 []


Overfull \hbox (9.62216pt too wide) in paragraph at lines 1--16
\JY1/mc/m/n/10 に
 []


Overfull \hbox (9.62216pt too wide) in paragraph at lines 1--16
\JY1/mc/m/n/10 開
 []


Overfull \hbox (9.62216pt too wide) in paragraph at lines 1--16
\JY1/mc/m/n/10 発
 []


Overfull \hbox (9.62216pt too wide) in paragraph at lines 1--16
\JY1/mc/m/n/10 さ
 []


Overfull \hbox (9.62216pt too wide) in paragraph at lines 1--16
\JY1/mc/m/n/10 れ
 []


Overfull \hbox (9.62216pt too wide) in paragraph at lines 1--16
\JY1/mc/m/n/10 た
 []


Overfull \hbox (12.39995pt too wide) in paragraph at lines 1--16
\JY1/mc/m/n/10 が\OT1/cmr/m/n/10 ,
 []


Overfull \hbox (9.62216pt too wide) in paragraph at lines 1--16
\JY1/mc/m/n/10 依
 []


Overfull \hbox (9.62216pt too wide) in paragraph at lines 1--16
\JY1/mc/m/n/10 存
 []


Overfull \hbox (9.62216pt too wide) in paragraph at lines 1--16
\JY1/mc/m/n/10 関
 []


Overfull \hbox (9.62216pt too wide) in paragraph at lines 1--16
\JY1/mc/m/n/10 係
 []


Overfull \hbox (9.62216pt too wide) in paragraph at lines 1--16
\JY1/mc/m/n/10 の
 []


Overfull \hbox (9.62216pt too wide) in paragraph at lines 1--16
\JY1/mc/m/n/10 扱
 []


Overfull \hbox (9.62216pt too wide) in paragraph at lines 1--16
\JY1/mc/m/n/10 い
 []


Overfull \hbox (9.62216pt too wide) in paragraph at lines 1--16
\JY1/mc/m/n/10 が
 []


Overfull \hbox (9.62216pt too wide) in paragraph at lines 1--16
\JY1/mc/m/n/10 操
 []


Overfull \hbox (9.62216pt too wide) in paragraph at lines 1--16
\JY1/mc/m/n/10 作
 []


Overfull \hbox (9.62216pt too wide) in paragraph at lines 1--16
\JY1/mc/m/n/10 変
 []


Overfull \hbox (9.62216pt too wide) in paragraph at lines 1--16
\JY1/mc/m/n/10 換
 []


Overfull \hbox (9.62216pt too wide) in paragraph at lines 1--16
\JY1/mc/m/n/10 よ
 []


Overfull \hbox (9.62216pt too wide) in paragraph at lines 1--16
\JY1/mc/m/n/10 り
 []


Overfull \hbox (9.62216pt too wide) in paragraph at lines 1--16
\JY1/mc/m/n/10 容
 []


Overfull \hbox (9.62216pt too wide) in paragraph at lines 1--16
\JY1/mc/m/n/10 易
 []


Overfull \hbox (9.62216pt too wide) in paragraph at lines 1--16
\JY1/mc/m/n/10 に
 []


Overfull \hbox (9.62216pt too wide) in paragraph at lines 1--16
\JY1/mc/m/n/10 な
 []


Overfull \hbox (9.62216pt too wide) in paragraph at lines 1--16
\JY1/mc/m/n/10 る
 []


Overfull \hbox (9.62216pt too wide) in paragraph at lines 1--16
\JY1/mc/m/n/10 と
 []


Overfull \hbox (9.62216pt too wide) in paragraph at lines 1--16
\JY1/mc/m/n/10 予
 []


Overfull \hbox (9.62216pt too wide) in paragraph at lines 1--16
\JY1/mc/m/n/10 想
 []


Overfull \hbox (9.62216pt too wide) in paragraph at lines 1--16
\JY1/mc/m/n/10 さ
 []


Overfull \hbox (9.62216pt too wide) in paragraph at lines 1--16
\JY1/mc/m/n/10 れ
 []


Overfull \hbox (12.39995pt too wide) in paragraph at lines 1--16
\JY1/mc/m/n/10 る\OT1/cmr/m/n/10 . 
 []


Underfull \vbox (badness 10000) has occurred while \output is active []



./introduction.tex:16: LaTeX Error: The font size command \normalsize is not defined:
               there is probably something wrong with the class file.

See the LaTeX manual or LaTeX Companion for explanation.
Type  H <return>  for immediate help.
 ...                                              
                                                  
l.16 \par
         
Your command was ignored.
Type  I <command> <return>  to replace it with another command,
or  <return>  to continue without it.

[1]

./introduction.tex:17: LaTeX Error: Missing \begin{document}.

See the LaTeX manual or LaTeX Companion for explanation.
Type  H <return>  for immediate help.
 ...                                              
                                                  
l.17 本
       研究では, Differential Synchronizationの同期手法に基づいて, 3次元デー...
You're in trouble here.  Try typing  <return>  to proceed.
If that doesn't work, type  X <return>  to quit.


Overfull \hbox (20.0pt too wide) in paragraph at lines 17--22
[]
 []


Overfull \hbox (9.62216pt too wide) in paragraph at lines 17--22
\JY1/mc/m/n/10 本
 []


Overfull \hbox (9.62216pt too wide) in paragraph at lines 17--22
\JY1/mc/m/n/10 研
 []


Overfull \hbox (9.62216pt too wide) in paragraph at lines 17--22
\JY1/mc/m/n/10 究
 []


Overfull \hbox (9.62216pt too wide) in paragraph at lines 17--22
\JY1/mc/m/n/10 で
 []


Overfull \hbox (12.39995pt too wide) in paragraph at lines 17--22
\JY1/mc/m/n/10 は\OT1/cmr/m/n/10 ,
 []


Overfull \hbox (16.80559pt too wide) in paragraph at lines 17--22
\OT1/cmr/m/n/10 Dif-
 []


Overfull \hbox (14.75002pt too wide) in paragraph at lines 17--22
\OT1/cmr/m/n/10 fer-
 []


Overfull \hbox (13.33334pt too wide) in paragraph at lines 17--22
\OT1/cmr/m/n/10 en-
 []


Overfull \hbox (14.44449pt too wide) in paragraph at lines 17--22
\OT1/cmr/m/n/10 tial
 []


Overfull \hbox (19.72227pt too wide) in paragraph at lines 17--22
\OT1/cmr/m/n/10 Syn-
 []


Overfull \hbox (21.97224pt too wide) in paragraph at lines 17--22
\OT1/cmr/m/n/10 chro-
 []


Overfull \hbox (21.11115pt too wide) in paragraph at lines 17--22
\OT1/cmr/m/n/10 niza-
 []


Overfull \hbox (17.22227pt too wide) in paragraph at lines 17--22
\OT1/cmr/m/n/10 tion
 []


Overfull \hbox (9.62216pt too wide) in paragraph at lines 17--22
\JY1/mc/m/n/10 の
 []


Overfull \hbox (9.62216pt too wide) in paragraph at lines 17--22
\JY1/mc/m/n/10 同
 []


Overfull \hbox (9.62216pt too wide) in paragraph at lines 17--22
\JY1/mc/m/n/10 期
 []


Overfull \hbox (9.62216pt too wide) in paragraph at lines 17--22
\JY1/mc/m/n/10 手
 []


Overfull \hbox (9.62216pt too wide) in paragraph at lines 17--22
\JY1/mc/m/n/10 法
 []


Overfull \hbox (9.62216pt too wide) in paragraph at lines 17--22
\JY1/mc/m/n/10 に
 []


Overfull \hbox (9.62216pt too wide) in paragraph at lines 17--22
\JY1/mc/m/n/10 基
 []


Overfull \hbox (9.62216pt too wide) in paragraph at lines 17--22
\JY1/mc/m/n/10 づ
 []


Overfull \hbox (9.62216pt too wide) in paragraph at lines 17--22
\JY1/mc/m/n/10 い
 []


Overfull \hbox (12.39995pt too wide) in paragraph at lines 17--22
\JY1/mc/m/n/10 て\OT1/cmr/m/n/10 ,
 []


Overfull \hbox (5.00002pt too wide) in paragraph at lines 17--22
\OT1/cmr/m/n/10 3
 []


Overfull \hbox (9.62216pt too wide) in paragraph at lines 17--22
\JY1/mc/m/n/10 次
 []


Overfull \hbox (9.62216pt too wide) in paragraph at lines 17--22
\JY1/mc/m/n/10 元
 []


Overfull \hbox (18.74432pt too wide) in paragraph at lines 17--22
\JY1/mc/m/n/10 デ ー
 []


Overfull \hbox (9.62216pt too wide) in paragraph at lines 17--22
\JY1/mc/m/n/10 タ
 []


Overfull \hbox (9.62216pt too wide) in paragraph at lines 17--22
\JY1/mc/m/n/10 の
 []


Overfull \hbox (9.62216pt too wide) in paragraph at lines 17--22
\JY1/mc/m/n/10 依
 []


Overfull \hbox (9.62216pt too wide) in paragraph at lines 17--22
\JY1/mc/m/n/10 存
 []


Overfull \hbox (9.62216pt too wide) in paragraph at lines 17--22
\JY1/mc/m/n/10 関
 []


Overfull \hbox (9.62216pt too wide) in paragraph at lines 17--22
\JY1/mc/m/n/10 係
 []


Overfull \hbox (9.62216pt too wide) in paragraph at lines 17--22
\JY1/mc/m/n/10 を
 []


Overfull \hbox (9.62216pt too wide) in paragraph at lines 17--22
\JY1/mc/m/n/10 考
 []


Overfull \hbox (9.62216pt too wide) in paragraph at lines 17--22
\JY1/mc/m/n/10 慮
 []


Overfull \hbox (9.62216pt too wide) in paragraph at lines 17--22
\JY1/mc/m/n/10 し
 []


Overfull \hbox (9.62216pt too wide) in paragraph at lines 17--22
\JY1/mc/m/n/10 た
 []


Overfull \hbox (9.62216pt too wide) in paragraph at lines 17--22
\JY1/mc/m/n/10 同
 []


Overfull \hbox (9.62216pt too wide) in paragraph at lines 17--22
\JY1/mc/m/n/10 期
 []


Overfull \hbox (9.62216pt too wide) in paragraph at lines 17--22
\JY1/mc/m/n/10 編
 []


Overfull \hbox (9.62216pt too wide) in paragraph at lines 17--22
\JY1/mc/m/n/10 集
 []


Overfull \hbox (9.62216pt too wide) in paragraph at lines 17--22
\JY1/mc/m/n/10 機
 []


Overfull \hbox (9.62216pt too wide) in paragraph at lines 17--22
\JY1/mc/m/n/10 構
 []


Overfull \hbox (9.62216pt too wide) in paragraph at lines 17--22
\JY1/mc/m/n/10 の
 []


Overfull \hbox (9.62216pt too wide) in paragraph at lines 17--22
\JY1/mc/m/n/10 手
 []


Overfull \hbox (9.62216pt too wide) in paragraph at lines 17--22
\JY1/mc/m/n/10 法
 []


Overfull \hbox (9.62216pt too wide) in paragraph at lines 17--22
\JY1/mc/m/n/10 を
 []


Overfull \hbox (9.62216pt too wide) in paragraph at lines 17--22
\JY1/mc/m/n/10 提
 []


Overfull \hbox (9.62216pt too wide) in paragraph at lines 17--22
\JY1/mc/m/n/10 案
 []


Overfull \hbox (9.62216pt too wide) in paragraph at lines 17--22
\JY1/mc/m/n/10 す
 []


Overfull \hbox (12.39995pt too wide) in paragraph at lines 17--22
\JY1/mc/m/n/10 る\OT1/cmr/m/n/10 .
 []


Overfull \hbox (9.62216pt too wide) in paragraph at lines 17--22
\JY1/mc/m/n/10 こ
 []


Overfull \hbox (9.62216pt too wide) in paragraph at lines 17--22
\JY1/mc/m/n/10 れ
 []


Overfull \hbox (9.62216pt too wide) in paragraph at lines 17--22
\JY1/mc/m/n/10 に
 []


Overfull \hbox (9.62216pt too wide) in paragraph at lines 17--22
\JY1/mc/m/n/10 よ
 []


Overfull \hbox (12.39995pt too wide) in paragraph at lines 17--22
\JY1/mc/m/n/10 り\OT1/cmr/m/n/10 ,
 []


Overfull \hbox (9.62216pt too wide) in paragraph at lines 17--22
\JY1/mc/m/n/10 複
 []


Overfull \hbox (9.62216pt too wide) in paragraph at lines 17--22
\JY1/mc/m/n/10 数
 []


Overfull \hbox (9.62216pt too wide) in paragraph at lines 17--22
\JY1/mc/m/n/10 人
 []


Overfull \hbox (9.62216pt too wide) in paragraph at lines 17--22
\JY1/mc/m/n/10 で
 []


Overfull \hbox (9.62216pt too wide) in paragraph at lines 17--22
\JY1/mc/m/n/10 同
 []


Overfull \hbox (9.62216pt too wide) in paragraph at lines 17--22
\JY1/mc/m/n/10 一
 []


Overfull \hbox (9.62216pt too wide) in paragraph at lines 17--22
\JY1/mc/m/n/10 の
 []


Overfull \hbox (5.00002pt too wide) in paragraph at lines 17--22
\OT1/cmr/m/n/10 3
 []


Overfull \hbox (9.62216pt too wide) in paragraph at lines 17--22
\JY1/mc/m/n/10 次
 []


Overfull \hbox (9.62216pt too wide) in paragraph at lines 17--22
\JY1/mc/m/n/10 元
 []


Overfull \hbox (18.74432pt too wide) in paragraph at lines 17--22
\JY1/mc/m/n/10 デ ー
 []


Overfull \hbox (9.62216pt too wide) in paragraph at lines 17--22
\JY1/mc/m/n/10 タ
 []


Overfull \hbox (9.62216pt too wide) in paragraph at lines 17--22
\JY1/mc/m/n/10 を
 []


Overfull \hbox (9.62216pt too wide) in paragraph at lines 17--22
\JY1/mc/m/n/10 同
 []


Overfull \hbox (9.62216pt too wide) in paragraph at lines 17--22
\JY1/mc/m/n/10 時
 []


Overfull \hbox (9.62216pt too wide) in paragraph at lines 17--22
\JY1/mc/m/n/10 に
 []


Overfull \hbox (9.62216pt too wide) in paragraph at lines 17--22
\JY1/mc/m/n/10 編
 []


Overfull \hbox (9.62216pt too wide) in paragraph at lines 17--22
\JY1/mc/m/n/10 集
 []


Overfull \hbox (9.62216pt too wide) in paragraph at lines 17--22
\JY1/mc/m/n/10 で
 []


Overfull \hbox (9.62216pt too wide) in paragraph at lines 17--22
\JY1/mc/m/n/10 き
 []


Overfull \hbox (9.62216pt too wide) in paragraph at lines 17--22
\JY1/mc/m/n/10 る
 []


Overfull \hbox (12.63892pt too wide) in paragraph at lines 17--22
\OT1/cmr/m/n/10 3D
 []


Overfull \hbox (9.62216pt too wide) in paragraph at lines 17--22
\JY1/mc/m/n/10 モ
 []


Overfull \hbox (9.62216pt too wide) in paragraph at lines 17--22
\JY1/mc/m/n/10 デ
 []


Overfull \hbox (9.62216pt too wide) in paragraph at lines 17--22
\JY1/mc/m/n/10 リ
 []


Overfull \hbox (9.62216pt too wide) in paragraph at lines 17--22
\JY1/mc/m/n/10 ン
 []


Overfull \hbox (9.62216pt too wide) in paragraph at lines 17--22
\JY1/mc/m/n/10 グ
 []


Overfull \hbox (9.62216pt too wide) in paragraph at lines 17--22
\JY1/mc/m/n/10 ソ
 []


Overfull \hbox (9.62216pt too wide) in paragraph at lines 17--22
\JY1/mc/m/n/10 フ
 []


Overfull \hbox (9.62216pt too wide) in paragraph at lines 17--22
\JY1/mc/m/n/10 ト
 []


Overfull \hbox (9.62216pt too wide) in paragraph at lines 17--22
\JY1/mc/m/n/10 の
 []


Overfull \hbox (9.62216pt too wide) in paragraph at lines 17--22
\JY1/mc/m/n/10 開
 []


Overfull \hbox (9.62216pt too wide) in paragraph at lines 17--22
\JY1/mc/m/n/10 発
 []


Overfull \hbox (9.62216pt too wide) in paragraph at lines 17--22
\JY1/mc/m/n/10 を
 []


Overfull \hbox (9.62216pt too wide) in paragraph at lines 17--22
\JY1/mc/m/n/10 可
 []


Overfull \hbox (9.62216pt too wide) in paragraph at lines 17--22
\JY1/mc/m/n/10 能
 []


Overfull \hbox (9.62216pt too wide) in paragraph at lines 17--22
\JY1/mc/m/n/10 に
 []


Overfull \hbox (9.62216pt too wide) in paragraph at lines 17--22
\JY1/mc/m/n/10 す
 []


Overfull \hbox (12.39995pt too wide) in paragraph at lines 17--22
\JY1/mc/m/n/10 る\OT1/cmr/m/n/10 . 
 []


./introduction.tex:23: LaTeX Error: Missing \begin{document}.

See the LaTeX manual or LaTeX Companion for explanation.
Type  H <return>  for immediate help.
 ...                                              
                                                  
l.23 本
       システムはオブジェクトが複数の面から構成されるサーフェスモデルを扱う....
You're in trouble here.  Try typing  <return>  to proceed.
If that doesn't work, type  X <return>  to quit.


Overfull \hbox (20.0pt too wide) in paragraph at lines 23--27
[]
 []


Overfull \hbox (9.62216pt too wide) in paragraph at lines 23--27
\JY1/mc/m/n/10 本
 []


Overfull \hbox (9.62216pt too wide) in paragraph at lines 23--27
\JY1/mc/m/n/10 シ
 []


Overfull \hbox (9.62216pt too wide) in paragraph at lines 23--27
\JY1/mc/m/n/10 ス
 []


Overfull \hbox (9.62216pt too wide) in paragraph at lines 23--27
\JY1/mc/m/n/10 テ
 []


Overfull \hbox (9.62216pt too wide) in paragraph at lines 23--27
\JY1/mc/m/n/10 ム
 []


Overfull \hbox (9.62216pt too wide) in paragraph at lines 23--27
\JY1/mc/m/n/10 は
 []


Overfull \hbox (9.62216pt too wide) in paragraph at lines 23--27
\JY1/mc/m/n/10 オ
 []


Overfull \hbox (9.62216pt too wide) in paragraph at lines 23--27
\JY1/mc/m/n/10 ブ
 []


Overfull \hbox (9.62216pt too wide) in paragraph at lines 23--27
\JY1/mc/m/n/10 ジ
 []


Overfull \hbox (7.47433pt too wide) in paragraph at lines 23--27
\JY1/mc/m/n/10 ェ
 []


Overfull \hbox (9.62216pt too wide) in paragraph at lines 23--27
\JY1/mc/m/n/10 ク
 []


Overfull \hbox (9.62216pt too wide) in paragraph at lines 23--27
\JY1/mc/m/n/10 ト
 []


Overfull \hbox (9.62216pt too wide) in paragraph at lines 23--27
\JY1/mc/m/n/10 が
 []


Overfull \hbox (9.62216pt too wide) in paragraph at lines 23--27
\JY1/mc/m/n/10 複
 []


Overfull \hbox (9.62216pt too wide) in paragraph at lines 23--27
\JY1/mc/m/n/10 数
 []


Overfull \hbox (9.62216pt too wide) in paragraph at lines 23--27
\JY1/mc/m/n/10 の
 []


Overfull \hbox (9.62216pt too wide) in paragraph at lines 23--27
\JY1/mc/m/n/10 面
 []


Overfull \hbox (9.62216pt too wide) in paragraph at lines 23--27
\JY1/mc/m/n/10 か
 []


Overfull \hbox (9.62216pt too wide) in paragraph at lines 23--27
\JY1/mc/m/n/10 ら
 []


Overfull \hbox (9.62216pt too wide) in paragraph at lines 23--27
\JY1/mc/m/n/10 構
 []


Overfull \hbox (9.62216pt too wide) in paragraph at lines 23--27
\JY1/mc/m/n/10 成
 []


Overfull \hbox (9.62216pt too wide) in paragraph at lines 23--27
\JY1/mc/m/n/10 さ
 []


Overfull \hbox (9.62216pt too wide) in paragraph at lines 23--27
\JY1/mc/m/n/10 れ
 []


Overfull \hbox (9.62216pt too wide) in paragraph at lines 23--27
\JY1/mc/m/n/10 る
 []


Overfull \hbox (18.74432pt too wide) in paragraph at lines 23--27
\JY1/mc/m/n/10 サ ー
 []


Overfull \hbox (9.62216pt too wide) in paragraph at lines 23--27
\JY1/mc/m/n/10 フ
 []


Overfull \hbox (7.47433pt too wide) in paragraph at lines 23--27
\JY1/mc/m/n/10 ェ
 []


Overfull \hbox (9.62216pt too wide) in paragraph at lines 23--27
\JY1/mc/m/n/10 ス
 []


Overfull \hbox (9.62216pt too wide) in paragraph at lines 23--27
\JY1/mc/m/n/10 モ
 []


Overfull \hbox (9.62216pt too wide) in paragraph at lines 23--27
\JY1/mc/m/n/10 デ
 []


Overfull \hbox (9.62216pt too wide) in paragraph at lines 23--27
\JY1/mc/m/n/10 ル
 []


Overfull \hbox (9.62216pt too wide) in paragraph at lines 23--27
\JY1/mc/m/n/10 を
 []


Overfull \hbox (9.62216pt too wide) in paragraph at lines 23--27
\JY1/mc/m/n/10 扱
 []


Overfull \hbox (12.39995pt too wide) in paragraph at lines 23--27
\JY1/mc/m/n/10 う\OT1/cmr/m/n/10 .
 []


Overfull \hbox (16.80559pt too wide) in paragraph at lines 23--27
\OT1/cmr/m/n/10 Dif-
 []


Overfull \hbox (14.75002pt too wide) in paragraph at lines 23--27
\OT1/cmr/m/n/10 fer-
 []


Overfull \hbox (13.33334pt too wide) in paragraph at lines 23--27
\OT1/cmr/m/n/10 en-
 []


Overfull \hbox (14.44449pt too wide) in paragraph at lines 23--27
\OT1/cmr/m/n/10 tial
 []


Overfull \hbox (19.72227pt too wide) in paragraph at lines 23--27
\OT1/cmr/m/n/10 Syn-
 []


Overfull \hbox (21.97224pt too wide) in paragraph at lines 23--27
\OT1/cmr/m/n/10 chro-
 []


Overfull \hbox (21.11115pt too wide) in paragraph at lines 23--27
\OT1/cmr/m/n/10 niza-
 []


Overfull \hbox (17.22227pt too wide) in paragraph at lines 23--27
\OT1/cmr/m/n/10 tion
 []


Overfull \hbox (9.62216pt too wide) in paragraph at lines 23--27
\JY1/mc/m/n/10 で
 []


Overfull \hbox (12.39995pt too wide) in paragraph at lines 23--27
\JY1/mc/m/n/10 は\OT1/cmr/m/n/10 ,
 []


Overfull \hbox (9.62216pt too wide) in paragraph at lines 23--27
\JY1/mc/m/n/10 同
 []


Overfull \hbox (9.62216pt too wide) in paragraph at lines 23--27
\JY1/mc/m/n/10 期
 []


Overfull \hbox (9.62216pt too wide) in paragraph at lines 23--27
\JY1/mc/m/n/10 の
 []


Overfull \hbox (9.62216pt too wide) in paragraph at lines 23--27
\JY1/mc/m/n/10 た
 []


Overfull \hbox (12.39995pt too wide) in paragraph at lines 23--27
\JY1/mc/m/n/10 め\OT1/cmr/m/n/10 ,
 []


Overfull \hbox (9.62216pt too wide) in paragraph at lines 23--27
\JY1/mc/m/n/10 接
 []


Overfull \hbox (9.62216pt too wide) in paragraph at lines 23--27
\JY1/mc/m/n/10 続
 []


Overfull \hbox (9.62216pt too wide) in paragraph at lines 23--27
\JY1/mc/m/n/10 さ
 []


Overfull \hbox (9.62216pt too wide) in paragraph at lines 23--27
\JY1/mc/m/n/10 れ
 []


Overfull \hbox (9.62216pt too wide) in paragraph at lines 23--27
\JY1/mc/m/n/10 た
 []


Overfull \hbox (9.62216pt too wide) in paragraph at lines 23--27
\JY1/mc/m/n/10 ク
 []


Overfull \hbox (9.62216pt too wide) in paragraph at lines 23--27
\JY1/mc/m/n/10 ラ
 []


Overfull \hbox (9.62216pt too wide) in paragraph at lines 23--27
\JY1/mc/m/n/10 イ
 []


Overfull \hbox (9.62216pt too wide) in paragraph at lines 23--27
\JY1/mc/m/n/10 ア
 []


Overfull \hbox (9.62216pt too wide) in paragraph at lines 23--27
\JY1/mc/m/n/10 ン
 []


Overfull \hbox (9.62216pt too wide) in paragraph at lines 23--27
\JY1/mc/m/n/10 ト
 []


Overfull \hbox (9.62216pt too wide) in paragraph at lines 23--27
\JY1/mc/m/n/10 ご
 []


Overfull \hbox (9.62216pt too wide) in paragraph at lines 23--27
\JY1/mc/m/n/10 と
 []


Overfull \hbox (12.39995pt too wide) in paragraph at lines 23--27
\JY1/mc/m/n/10 に\OT1/cmr/m/n/10 ,
 []


Overfull \hbox (9.62216pt too wide) in paragraph at lines 23--27
\JY1/mc/m/n/10 ク
 []


Overfull \hbox (9.62216pt too wide) in paragraph at lines 23--27
\JY1/mc/m/n/10 ラ
 []


Overfull \hbox (9.62216pt too wide) in paragraph at lines 23--27
\JY1/mc/m/n/10 イ
 []


Overfull \hbox (9.62216pt too wide) in paragraph at lines 23--27
\JY1/mc/m/n/10 ア
 []


Overfull \hbox (9.62216pt too wide) in paragraph at lines 23--27
\JY1/mc/m/n/10 ン
 []


Overfull \hbox (9.62216pt too wide) in paragraph at lines 23--27
\JY1/mc/m/n/10 ト
 []


Overfull \hbox (9.62216pt too wide) in paragraph at lines 23--27
\JY1/mc/m/n/10 と
 []


Overfull \hbox (18.74432pt too wide) in paragraph at lines 23--27
\JY1/mc/m/n/10 サ ー
 []


Overfull \hbox (9.62216pt too wide) in paragraph at lines 23--27
\JY1/mc/m/n/10 バ
 []


Overfull \hbox (12.39995pt too wide) in paragraph at lines 23--27
\JY1/mc/m/n/10 に\OT1/cmr/m/n/10 ,
 []


Overfull \hbox (18.74432pt too wide) in paragraph at lines 23--27
\JY1/mc/m/n/10 デ ー
 []


Overfull \hbox (9.62216pt too wide) in paragraph at lines 23--27
\JY1/mc/m/n/10 タ
 []


Overfull \hbox (9.62216pt too wide) in paragraph at lines 23--27
\JY1/mc/m/n/10 の
 []


Overfull \hbox (9.62216pt too wide) in paragraph at lines 23--27
\JY1/mc/m/n/10 シ
 []


Overfull \hbox (7.47433pt too wide) in paragraph at lines 23--27
\JY1/mc/m/n/10 ャ
 []


Overfull \hbox (9.62216pt too wide) in paragraph at lines 23--27
\JY1/mc/m/n/10 ド
 []


Overfull \hbox (9.62216pt too wide) in paragraph at lines 23--27
\JY1/mc/m/n/10 ウ
 []


Overfull \hbox (9.62216pt too wide) in paragraph at lines 23--27
\JY1/mc/m/n/10 コ
 []


Overfull \hbox (18.74432pt too wide) in paragraph at lines 23--27
\JY1/mc/m/n/10 ピ ー
 []


Overfull \hbox (9.62216pt too wide) in paragraph at lines 23--27
\JY1/mc/m/n/10 を
 []


Overfull \hbox (9.62216pt too wide) in paragraph at lines 23--27
\JY1/mc/m/n/10 作
 []


Overfull \hbox (12.39995pt too wide) in paragraph at lines 23--27
\JY1/mc/m/n/10 る\OT1/cmr/m/n/10 .
 []


Overfull \hbox (9.62216pt too wide) in paragraph at lines 23--27
\JY1/mc/m/n/10 ク
 []


Overfull \hbox (9.62216pt too wide) in paragraph at lines 23--27
\JY1/mc/m/n/10 ラ
 []


Overfull \hbox (9.62216pt too wide) in paragraph at lines 23--27
\JY1/mc/m/n/10 イ
 []


Overfull \hbox (9.62216pt too wide) in paragraph at lines 23--27
\JY1/mc/m/n/10 ア
 []


Overfull \hbox (9.62216pt too wide) in paragraph at lines 23--27
\JY1/mc/m/n/10 ン
 []


Overfull \hbox (9.62216pt too wide) in paragraph at lines 23--27
\JY1/mc/m/n/10 ト
 []


Overfull \hbox (9.62216pt too wide) in paragraph at lines 23--27
\JY1/mc/m/n/10 と
 []


Overfull \hbox (18.74432pt too wide) in paragraph at lines 23--27
\JY1/mc/m/n/10 サ ー
 []


Overfull \hbox (9.62216pt too wide) in paragraph at lines 23--27
\JY1/mc/m/n/10 バ
 []


Overfull \hbox (12.39995pt too wide) in paragraph at lines 23--27
\JY1/mc/m/n/10 で\OT1/cmr/m/n/10 ,
 []


Overfull \hbox (9.62216pt too wide) in paragraph at lines 23--27
\JY1/mc/m/n/10 差
 []


Overfull \hbox (9.62216pt too wide) in paragraph at lines 23--27
\JY1/mc/m/n/10 分
 []


Overfull \hbox (9.62216pt too wide) in paragraph at lines 23--27
\JY1/mc/m/n/10 の
 []


Overfull \hbox (9.62216pt too wide) in paragraph at lines 23--27
\JY1/mc/m/n/10 計
 []


Overfull \hbox (9.62216pt too wide) in paragraph at lines 23--27
\JY1/mc/m/n/10 算
 []


Overfull \hbox (9.62216pt too wide) in paragraph at lines 23--27
\JY1/mc/m/n/10 と
 []


Overfull \hbox (9.62216pt too wide) in paragraph at lines 23--27
\JY1/mc/m/n/10 そ
 []


Overfull \hbox (9.62216pt too wide) in paragraph at lines 23--27
\JY1/mc/m/n/10 の
 []


Overfull \hbox (9.62216pt too wide) in paragraph at lines 23--27
\JY1/mc/m/n/10 適
 []


Overfull \hbox (9.62216pt too wide) in paragraph at lines 23--27
\JY1/mc/m/n/10 用
 []


Overfull \hbox (9.62216pt too wide) in paragraph at lines 23--27
\JY1/mc/m/n/10 を
 []


Overfull \hbox (9.62216pt too wide) in paragraph at lines 23--27
\JY1/mc/m/n/10 行
 []


Overfull \hbox (9.62216pt too wide) in paragraph at lines 23--27
\JY1/mc/m/n/10 い
 []


Overfull \hbox (9.62216pt too wide) in paragraph at lines 23--27
\JY1/mc/m/n/10 同
 []


Overfull \hbox (9.62216pt too wide) in paragraph at lines 23--27
\JY1/mc/m/n/10 期
 []


Overfull \hbox (9.62216pt too wide) in paragraph at lines 23--27
\JY1/mc/m/n/10 を
 []


Overfull \hbox (9.62216pt too wide) in paragraph at lines 23--27
\JY1/mc/m/n/10 行
 []


Overfull \hbox (12.39995pt too wide) in paragraph at lines 23--27
\JY1/mc/m/n/10 う\OT1/cmr/m/n/10 . 
 []


./introduction.tex:28: LaTeX Error: Missing \begin{document}.

See the LaTeX manual or LaTeX Companion for explanation.
Type  H <return>  for immediate help.
 ...                                              
                                                  
l.28 本
       研究はデータを編集するため, クライアントのインターフェイスとして3.3項...
You're in trouble here.  Try typing  <return>  to proceed.
If that doesn't work, type  X <return>  to quit.


Overfull \hbox (20.0pt too wide) in paragraph at lines 28--34
[]
 []


Overfull \hbox (9.62216pt too wide) in paragraph at lines 28--34
\JY1/mc/m/n/10 本
 []


Overfull \hbox (9.62216pt too wide) in paragraph at lines 28--34
\JY1/mc/m/n/10 研
 []


Overfull \hbox (9.62216pt too wide) in paragraph at lines 28--34
\JY1/mc/m/n/10 究
 []


Overfull \hbox (9.62216pt too wide) in paragraph at lines 28--34
\JY1/mc/m/n/10 は
 []


Overfull \hbox (18.74432pt too wide) in paragraph at lines 28--34
\JY1/mc/m/n/10 デ ー
 []


Overfull \hbox (9.62216pt too wide) in paragraph at lines 28--34
\JY1/mc/m/n/10 タ
 []


Overfull \hbox (9.62216pt too wide) in paragraph at lines 28--34
\JY1/mc/m/n/10 を
 []


Overfull \hbox (9.62216pt too wide) in paragraph at lines 28--34
\JY1/mc/m/n/10 編
 []


Overfull \hbox (9.62216pt too wide) in paragraph at lines 28--34
\JY1/mc/m/n/10 集
 []


Overfull \hbox (9.62216pt too wide) in paragraph at lines 28--34
\JY1/mc/m/n/10 す
 []


Overfull \hbox (9.62216pt too wide) in paragraph at lines 28--34
\JY1/mc/m/n/10 る
 []


Overfull \hbox (9.62216pt too wide) in paragraph at lines 28--34
\JY1/mc/m/n/10 た
 []


Overfull \hbox (12.39995pt too wide) in paragraph at lines 28--34
\JY1/mc/m/n/10 め\OT1/cmr/m/n/10 ,
 []


Overfull \hbox (9.62216pt too wide) in paragraph at lines 28--34
\JY1/mc/m/n/10 ク
 []


Overfull \hbox (9.62216pt too wide) in paragraph at lines 28--34
\JY1/mc/m/n/10 ラ
 []


Overfull \hbox (9.62216pt too wide) in paragraph at lines 28--34
\JY1/mc/m/n/10 イ
 []


Overfull \hbox (9.62216pt too wide) in paragraph at lines 28--34
\JY1/mc/m/n/10 ア
 []


Overfull \hbox (9.62216pt too wide) in paragraph at lines 28--34
\JY1/mc/m/n/10 ン
 []


Overfull \hbox (9.62216pt too wide) in paragraph at lines 28--34
\JY1/mc/m/n/10 ト
 []


Overfull \hbox (9.62216pt too wide) in paragraph at lines 28--34
\JY1/mc/m/n/10 の
 []


Overfull \hbox (9.62216pt too wide) in paragraph at lines 28--34
\JY1/mc/m/n/10 イ
 []


Overfull \hbox (9.62216pt too wide) in paragraph at lines 28--34
\JY1/mc/m/n/10 ン
 []


Overfull \hbox (18.74432pt too wide) in paragraph at lines 28--34
\JY1/mc/m/n/10 タ ー
 []


Overfull \hbox (9.62216pt too wide) in paragraph at lines 28--34
\JY1/mc/m/n/10 フ
 []


Overfull \hbox (7.47433pt too wide) in paragraph at lines 28--34
\JY1/mc/m/n/10 ェ
 []


Overfull \hbox (9.62216pt too wide) in paragraph at lines 28--34
\JY1/mc/m/n/10 イ
 []


Overfull \hbox (9.62216pt too wide) in paragraph at lines 28--34
\JY1/mc/m/n/10 ス
 []


Overfull \hbox (9.62216pt too wide) in paragraph at lines 28--34
\JY1/mc/m/n/10 と
 []


Overfull \hbox (9.62216pt too wide) in paragraph at lines 28--34
\JY1/mc/m/n/10 し
 []


Overfull \hbox (9.62216pt too wide) in paragraph at lines 28--34
\JY1/mc/m/n/10 て
 []


Overfull \hbox (12.77782pt too wide) in paragraph at lines 28--34
\OT1/cmr/m/n/10 3.3
 []


Overfull \hbox (9.62216pt too wide) in paragraph at lines 28--34
\JY1/mc/m/n/10 項
 []


Overfull \hbox (9.62216pt too wide) in paragraph at lines 28--34
\JY1/mc/m/n/10 の
 []


Overfull \hbox (9.62216pt too wide) in paragraph at lines 28--34
\JY1/mc/m/n/10 基
 []


Overfull \hbox (9.62216pt too wide) in paragraph at lines 28--34
\JY1/mc/m/n/10 本
 []


Overfull \hbox (9.62216pt too wide) in paragraph at lines 28--34
\JY1/mc/m/n/10 命
 []


Overfull \hbox (9.62216pt too wide) in paragraph at lines 28--34
\JY1/mc/m/n/10 令
 []


Overfull \hbox (9.62216pt too wide) in paragraph at lines 28--34
\JY1/mc/m/n/10 を
 []


Overfull \hbox (9.62216pt too wide) in paragraph at lines 28--34
\JY1/mc/m/n/10 実
 []


Overfull \hbox (9.62216pt too wide) in paragraph at lines 28--34
\JY1/mc/m/n/10 装
 []


Overfull \hbox (9.62216pt too wide) in paragraph at lines 28--34
\JY1/mc/m/n/10 し
 []


Overfull \hbox (12.39995pt too wide) in paragraph at lines 28--34
\JY1/mc/m/n/10 た\OT1/cmr/m/n/10 .
 []


Overfull \hbox (9.62216pt too wide) in paragraph at lines 28--34
\JY1/mc/m/n/10 実
 []


Overfull \hbox (9.62216pt too wide) in paragraph at lines 28--34
\JY1/mc/m/n/10 験
 []


Overfull \hbox (9.62216pt too wide) in paragraph at lines 28--34
\JY1/mc/m/n/10 の
 []


Overfull \hbox (9.62216pt too wide) in paragraph at lines 28--34
\JY1/mc/m/n/10 た
 []


Overfull \hbox (9.62216pt too wide) in paragraph at lines 28--34
\JY1/mc/m/n/10 め
 []


Overfull \hbox (9.62216pt too wide) in paragraph at lines 28--34
\JY1/mc/m/n/10 に
 []


Overfull \hbox (18.74432pt too wide) in paragraph at lines 28--34
\JY1/mc/m/n/10 サ ー
 []


Overfull \hbox (9.62216pt too wide) in paragraph at lines 28--34
\JY1/mc/m/n/10 バ
 []


Overfull \hbox (9.62216pt too wide) in paragraph at lines 28--34
\JY1/mc/m/n/10 と
 []


Overfull \hbox (5.00002pt too wide) in paragraph at lines 28--34
\OT1/cmr/m/n/10 3
 []


Overfull \hbox (9.62216pt too wide) in paragraph at lines 28--34
\JY1/mc/m/n/10 つ
 []


Overfull \hbox (9.62216pt too wide) in paragraph at lines 28--34
\JY1/mc/m/n/10 の
 []


Overfull \hbox (9.62216pt too wide) in paragraph at lines 28--34
\JY1/mc/m/n/10 ク
 []


Overfull \hbox (9.62216pt too wide) in paragraph at lines 28--34
\JY1/mc/m/n/10 ラ
 []


Overfull \hbox (9.62216pt too wide) in paragraph at lines 28--34
\JY1/mc/m/n/10 イ
 []


Overfull \hbox (9.62216pt too wide) in paragraph at lines 28--34
\JY1/mc/m/n/10 ア
 []


Overfull \hbox (9.62216pt too wide) in paragraph at lines 28--34
\JY1/mc/m/n/10 ン
 []


Overfull \hbox (9.62216pt too wide) in paragraph at lines 28--34
\JY1/mc/m/n/10 ト
 []


Overfull \hbox (9.62216pt too wide) in paragraph at lines 28--34
\JY1/mc/m/n/10 を
 []


Overfull \hbox (9.62216pt too wide) in paragraph at lines 28--34
\JY1/mc/m/n/10 用
 []


Overfull \hbox (9.62216pt too wide) in paragraph at lines 28--34
\JY1/mc/m/n/10 意
 []


Overfull \hbox (12.39995pt too wide) in paragraph at lines 28--34
\JY1/mc/m/n/10 し\OT1/cmr/m/n/10 ,
 []


Overfull \hbox (9.62216pt too wide) in paragraph at lines 28--34
\JY1/mc/m/n/10 ク
 []


Overfull \hbox (9.62216pt too wide) in paragraph at lines 28--34
\JY1/mc/m/n/10 ラ
 []


Overfull \hbox (9.62216pt too wide) in paragraph at lines 28--34
\JY1/mc/m/n/10 イ
 []


Overfull \hbox (9.62216pt too wide) in paragraph at lines 28--34
\JY1/mc/m/n/10 ア
 []


Overfull \hbox (9.62216pt too wide) in paragraph at lines 28--34
\JY1/mc/m/n/10 ン
 []


Overfull \hbox (9.62216pt too wide) in paragraph at lines 28--34
\JY1/mc/m/n/10 ト
 []


Overfull \hbox (9.62216pt too wide) in paragraph at lines 28--34
\JY1/mc/m/n/10 ご
 []


Overfull \hbox (9.62216pt too wide) in paragraph at lines 28--34
\JY1/mc/m/n/10 と
 []


Overfull \hbox (9.62216pt too wide) in paragraph at lines 28--34
\JY1/mc/m/n/10 に
 []


Overfull \hbox (9.62216pt too wide) in paragraph at lines 28--34
\JY1/mc/m/n/10 任
 []


Overfull \hbox (9.62216pt too wide) in paragraph at lines 28--34
\JY1/mc/m/n/10 意
 []


Overfull \hbox (9.62216pt too wide) in paragraph at lines 28--34
\JY1/mc/m/n/10 の
 []


Overfull \hbox (9.62216pt too wide) in paragraph at lines 28--34
\JY1/mc/m/n/10 基
 []


Overfull \hbox (9.62216pt too wide) in paragraph at lines 28--34
\JY1/mc/m/n/10 本
 []


Overfull \hbox (9.62216pt too wide) in paragraph at lines 28--34
\JY1/mc/m/n/10 命
 []


Overfull \hbox (9.62216pt too wide) in paragraph at lines 28--34
\JY1/mc/m/n/10 令
 []


Overfull \hbox (10.00003pt too wide) in paragraph at lines 28--34
\OT1/cmr/m/n/10 50
 []


Overfull \hbox (9.62216pt too wide) in paragraph at lines 28--34
\JY1/mc/m/n/10 件
 []


Overfull \hbox (9.62216pt too wide) in paragraph at lines 28--34
\JY1/mc/m/n/10 を
 []


Overfull \hbox (9.62216pt too wide) in paragraph at lines 28--34
\JY1/mc/m/n/10 ラ
 []


Overfull \hbox (9.62216pt too wide) in paragraph at lines 28--34
\JY1/mc/m/n/10 ン
 []


Overfull \hbox (9.62216pt too wide) in paragraph at lines 28--34
\JY1/mc/m/n/10 ダ
 []


Overfull \hbox (9.62216pt too wide) in paragraph at lines 28--34
\JY1/mc/m/n/10 ム
 []


Overfull \hbox (9.62216pt too wide) in paragraph at lines 28--34
\JY1/mc/m/n/10 な
 []


Overfull \hbox (9.62216pt too wide) in paragraph at lines 28--34
\JY1/mc/m/n/10 タ
 []


Overfull \hbox (9.62216pt too wide) in paragraph at lines 28--34
\JY1/mc/m/n/10 イ
 []


Overfull \hbox (9.62216pt too wide) in paragraph at lines 28--34
\JY1/mc/m/n/10 ミ
 []


Overfull \hbox (9.62216pt too wide) in paragraph at lines 28--34
\JY1/mc/m/n/10 ン
 []


Overfull \hbox (9.62216pt too wide) in paragraph at lines 28--34
\JY1/mc/m/n/10 グ
 []


Overfull \hbox (9.62216pt too wide) in paragraph at lines 28--34
\JY1/mc/m/n/10 で
 []


Overfull \hbox (9.62216pt too wide) in paragraph at lines 28--34
\JY1/mc/m/n/10 発
 []


Overfull \hbox (9.62216pt too wide) in paragraph at lines 28--34
\JY1/mc/m/n/10 行
 []


Overfull \hbox (9.62216pt too wide) in paragraph at lines 28--34
\JY1/mc/m/n/10 し
 []


Overfull \hbox (12.39995pt too wide) in paragraph at lines 28--34
\JY1/mc/m/n/10 た\OT1/cmr/m/n/10 .
 []


Overfull \hbox (9.62216pt too wide) in paragraph at lines 28--34
\JY1/mc/m/n/10 そ
 []


Overfull \hbox (9.62216pt too wide) in paragraph at lines 28--34
\JY1/mc/m/n/10 の
 []


Overfull \hbox (12.39995pt too wide) in paragraph at lines 28--34
\JY1/mc/m/n/10 後\OT1/cmr/m/n/10 ,
 []


Overfull \hbox (9.62216pt too wide) in paragraph at lines 28--34
\JY1/mc/m/n/10 各
 []


Overfull \hbox (9.62216pt too wide) in paragraph at lines 28--34
\JY1/mc/m/n/10 ク
 []


Overfull \hbox (9.62216pt too wide) in paragraph at lines 28--34
\JY1/mc/m/n/10 ラ
 []


Overfull \hbox (9.62216pt too wide) in paragraph at lines 28--34
\JY1/mc/m/n/10 イ
 []


Overfull \hbox (9.62216pt too wide) in paragraph at lines 28--34
\JY1/mc/m/n/10 ア
 []


Overfull \hbox (9.62216pt too wide) in paragraph at lines 28--34
\JY1/mc/m/n/10 ン
 []


Overfull \hbox (9.62216pt too wide) in paragraph at lines 28--34
\JY1/mc/m/n/10 ト
 []


Overfull \hbox (9.62216pt too wide) in paragraph at lines 28--34
\JY1/mc/m/n/10 で
 []


Overfull \hbox (9.62216pt too wide) in paragraph at lines 28--34
\JY1/mc/m/n/10 同
 []


Overfull \hbox (9.62216pt too wide) in paragraph at lines 28--34
\JY1/mc/m/n/10 期
 []


Overfull \hbox (9.62216pt too wide) in paragraph at lines 28--34
\JY1/mc/m/n/10 さ
 []


Overfull \hbox (9.62216pt too wide) in paragraph at lines 28--34
\JY1/mc/m/n/10 れ
 []


Overfull \hbox (9.62216pt too wide) in paragraph at lines 28--34
\JY1/mc/m/n/10 た
 []


Overfull \hbox (18.74432pt too wide) in paragraph at lines 28--34
\JY1/mc/m/n/10 デ ー
 []


Overfull \hbox (9.62216pt too wide) in paragraph at lines 28--34
\JY1/mc/m/n/10 タ
 []


Overfull \hbox (9.62216pt too wide) in paragraph at lines 28--34
\JY1/mc/m/n/10 を
 []


Overfull \hbox (9.62216pt too wide) in paragraph at lines 28--34
\JY1/mc/m/n/10 比
 []


Overfull \hbox (9.62216pt too wide) in paragraph at lines 28--34
\JY1/mc/m/n/10 較
 []


Overfull \hbox (9.62216pt too wide) in paragraph at lines 28--34
\JY1/mc/m/n/10 し
 []


Overfull \hbox (9.62216pt too wide) in paragraph at lines 28--34
\JY1/mc/m/n/10 た
 []


Overfull \hbox (9.62216pt too wide) in paragraph at lines 28--34
\JY1/mc/m/n/10 結
 []


Overfull \hbox (12.39995pt too wide) in paragraph at lines 28--34
\JY1/mc/m/n/10 果\OT1/cmr/m/n/10 ,
 []


Overfull \hbox (18.74432pt too wide) in paragraph at lines 28--34
\JY1/mc/m/n/10 デ ー
 []


Overfull \hbox (9.62216pt too wide) in paragraph at lines 28--34
\JY1/mc/m/n/10 タ
 []


Overfull \hbox (9.62216pt too wide) in paragraph at lines 28--34
\JY1/mc/m/n/10 は
 []


Overfull \hbox (9.62216pt too wide) in paragraph at lines 28--34
\JY1/mc/m/n/10 す
 []


Overfull \hbox (9.62216pt too wide) in paragraph at lines 28--34
\JY1/mc/m/n/10 べ
 []


Overfull \hbox (9.62216pt too wide) in paragraph at lines 28--34
\JY1/mc/m/n/10 て
 []


Overfull \hbox (9.62216pt too wide) in paragraph at lines 28--34
\JY1/mc/m/n/10 一
 []


Overfull \hbox (9.62216pt too wide) in paragraph at lines 28--34
\JY1/mc/m/n/10 致
 []


Overfull \hbox (9.62216pt too wide) in paragraph at lines 28--34
\JY1/mc/m/n/10 し
 []


Overfull \hbox (9.62216pt too wide) in paragraph at lines 28--34
\JY1/mc/m/n/10 て
 []


Overfull \hbox (9.62216pt too wide) in paragraph at lines 28--34
\JY1/mc/m/n/10 お
 []


Overfull \hbox (12.39995pt too wide) in paragraph at lines 28--34
\JY1/mc/m/n/10 り\OT1/cmr/m/n/10 ,
 []


Overfull \hbox (9.62216pt too wide) in paragraph at lines 28--34
\JY1/mc/m/n/10 同
 []


Overfull \hbox (9.62216pt too wide) in paragraph at lines 28--34
\JY1/mc/m/n/10 期
 []


Overfull \hbox (9.62216pt too wide) in paragraph at lines 28--34
\JY1/mc/m/n/10 可
 []


Overfull \hbox (9.62216pt too wide) in paragraph at lines 28--34
\JY1/mc/m/n/10 能
 []


Overfull \hbox (9.62216pt too wide) in paragraph at lines 28--34
\JY1/mc/m/n/10 で
 []


Overfull \hbox (9.62216pt too wide) in paragraph at lines 28--34
\JY1/mc/m/n/10 あ
 []


Overfull \hbox (9.62216pt too wide) in paragraph at lines 28--34
\JY1/mc/m/n/10 る
 []


Overfull \hbox (9.62216pt too wide) in paragraph at lines 28--34
\JY1/mc/m/n/10 こ
 []


Overfull \hbox (9.62216pt too wide) in paragraph at lines 28--34
\JY1/mc/m/n/10 と
 []


Overfull \hbox (9.62216pt too wide) in paragraph at lines 28--34
\JY1/mc/m/n/10 を
 []


Overfull \hbox (9.62216pt too wide) in paragraph at lines 28--34
\JY1/mc/m/n/10 確
 []


Overfull \hbox (9.62216pt too wide) in paragraph at lines 28--34
\JY1/mc/m/n/10 認
 []


Overfull \hbox (9.62216pt too wide) in paragraph at lines 28--34
\JY1/mc/m/n/10 で
 []


Overfull \hbox (9.62216pt too wide) in paragraph at lines 28--34
\JY1/mc/m/n/10 き
 []


Overfull \hbox (12.39995pt too wide) in paragraph at lines 28--34
\JY1/mc/m/n/10 た\OT1/cmr/m/n/10 . 
 []


./introduction.tex:35: LaTeX Error: Missing \begin{document}.

See the LaTeX manual or LaTeX Companion for explanation.
Type  H <return>  for immediate help.
 ...                                              
                                                  
l.35 本
       論文の構成は次の通りである. まず, 第2章で本研究の背景と目的について述...
You're in trouble here.  Try typing  <return>  to proceed.
If that doesn't work, type  X <return>  to quit.

)
! Emergency stop.
<*> introduction.tex
                    
*** (job aborted, no legal \end found)

 
Here is how much of TeX's memory you used:
 13 strings out of 493683
 163 string characters out of 6149653
 69459 words of memory out of 5000000
 3678 multiletter control sequences out of 15000+600000
 7819 words of font info for 32 fonts, out of 8000000 for 9000
 929 hyphenation exceptions out of 8191
 21i,4n,24p,299b,100s stack positions out of 5000i,500n,10000p,200000b,80000s
Output written on introduction.dvi (1 page, 928 bytes).
