This is e-pTeX, Version 3.14159265-p3.7-160201-2.6 (utf8.euc) (TeX Live 2016) (preloaded format=platex 2017.1.28)  12 FEB 2017 20:41
entering extended mode
 restricted \write18 enabled.
 file:line:error style messages enabled.
 %&-line parsing enabled.
**reference.tex
(./reference.tex
pLaTeX2e <2016/11/29> (based on LaTeX2e <2017/01/01> patch level 1)
Babel <3.9r> and hyphenation patterns for 83 language(s) loaded.

./reference.tex:1: LaTeX Error: \bibname undefined.

See the LaTeX manual or LaTeX Companion for explanation.
Type  H <return>  for immediate help.
 ...                                              
                                                  
l.1 \renewcommand{\bibname}
                           {参考文献}
Try typing  <return>  to proceed.
If that doesn't work, type  X <return>  to quit.


./reference.tex:2: LaTeX Error: Environment thebibliography undefined.

See the LaTeX manual or LaTeX Companion for explanation.
Type  H <return>  for immediate help.
 ...                                              
                                                  
l.2 \begin{thebibliography}
                           {Longest9}
Your command was ignored.
Type  I <command> <return>  to replace it with another command,
or  <return>  to continue without it.


./reference.tex:2: LaTeX Error: Missing \begin{document}.

See the LaTeX manual or LaTeX Companion for explanation.
Type  H <return>  for immediate help.
 ...                                              
                                                  
l.2 \begin{thebibliography}{L
                             ongest9}
You're in trouble here.  Try typing  <return>  to proceed.
If that doesn't work, type  X <return>  to quit.


Overfull \hbox (59.08342pt too wide) in paragraph at lines 2--4
[]\OT1/cmr/m/n/10 Longest9
 []


./reference.tex:5: LaTeX Error: Lonely \item--perhaps a missing list environment.

See the LaTeX manual or LaTeX Companion for explanation.
Type  H <return>  for immediate help.
 ...                                              
                                                  
l.5 \bibitem[Googleドキュメント]{GOOGLEDOCS}
                                            
Try typing  <return>  to proceed.
If that doesn't work, type  X <return>  to quit.

\bibcite{GOOGLEDOCS}{Googleドキュメント}
./reference.tex:6: Undefined control sequence.
l.6 Googleドキュメント, \url
                            {https://www.google.com/intl/ja_jp/docs/about/},...
The control sequence at the end of the top line
of your error message was never \def'ed. If you have
misspelled it (e.g., `\hobx'), type `I' and the correct
spelling (e.g., `I\hbox'). Otherwise just continue,
and I'll forget about whatever was undefined.

./reference.tex:6: Missing $ inserted.
<inserted text> 
                $
l.6 ...ント, \url{https://www.google.com/intl/ja_
                                                 jp/docs/about/}, Google Inc.
I've inserted a begin-math/end-math symbol since I think
you left one out. Proceed, with fingers crossed.

LaTeX Font Info:    External font `cmex10' loaded for size
(Font)              <7> on input line 6.
LaTeX Font Info:    External font `cmex10' loaded for size
(Font)              <5> on input line 6.
./reference.tex:6: Extra }, or forgotten $.
l.6 ...ps://www.google.com/intl/ja_jp/docs/about/}
                                                  , Google Inc.
I've deleted a group-closing symbol because it seems to be
spurious, as in `$x}$'. But perhaps the } is legitimate and
you forgot something else, as in `\hbox{$x}'. In such cases
the way to recover is to insert both the forgotten and the
deleted material, e.g., by typing `I$}'.


./reference.tex:7: LaTeX Error: Command \item invalid in math mode.

See the LaTeX manual or LaTeX Companion for explanation.
Type  H <return>  for immediate help.
 ...                                              
                                                  
l.7 \bibitem[MicrosoftWordOnline]{WORDONLINE}
                                             
Try typing  <return>  to proceed.
If that doesn't work, type  X <return>  to quit.


./reference.tex:7: LaTeX Error: Something's wrong--perhaps a missing \item.

See the LaTeX manual or LaTeX Companion for explanation.
Type  H <return>  for immediate help.
 ...                                              
                                                  
l.7 \bibitem[MicrosoftWordOnline]{WORDONLINE}
                                             
Try typing  <return>  to proceed.
If that doesn't work, type  X <return>  to quit.


./reference.tex:7: LaTeX Error: Something's wrong--perhaps a missing \item.

See the LaTeX manual or LaTeX Companion for explanation.
Type  H <return>  for immediate help.
 ...                                              
                                                  
l.7 \bibitem[MicrosoftWordOnline]{WORDONLINE}
                                             
Try typing  <return>  to proceed.
If that doesn't work, type  X <return>  to quit.


./reference.tex:7: LaTeX Error: Lonely \item--perhaps a missing list environment.

See the LaTeX manual or LaTeX Companion for explanation.
Type  H <return>  for immediate help.
 ...                                              
                                                  
l.7 \bibitem[MicrosoftWordOnline]{WORDONLINE}
                                             
Try typing  <return>  to proceed.
If that doesn't work, type  X <return>  to quit.

\bibcite{WORDONLINE}{MicrosoftWordOnline}
./reference.tex:8: Undefined control sequence.
l.8 Microsoft Word Online, \url
                               {https://office.live.com/start/Word.aspx}, Mi...
The control sequence at the end of the top line
of your error message was never \def'ed. If you have
misspelled it (e.g., `\hobx'), type `I' and the correct
spelling (e.g., `I\hbox'). Otherwise just continue,
and I'll forget about whatever was undefined.


./reference.tex:9: LaTeX Error: Command \item invalid in math mode.

See the LaTeX manual or LaTeX Companion for explanation.
Type  H <return>  for immediate help.
 ...                                              
                                                  
l.9 \bibitem[CoMaya]{COMAYA}
                            
Try typing  <return>  to proceed.
If that doesn't work, type  X <return>  to quit.

./reference.tex:9: Missing $ inserted.
<inserted text> 
                $
l.9 \bibitem[CoMaya]{COMAYA}
                            
I've inserted a begin-math/end-math symbol since I think
you left one out. Proceed, with fingers crossed.


Overfull \hbox (30.34729pt too wide) in paragraph at lines 6--9
\OT1/cmr/m/n/10 Google
 []


Overfull \hbox (9.62216pt too wide) in paragraph at lines 6--9
\JY1/mc/m/n/10 ド
 []


Overfull \hbox (9.62216pt too wide) in paragraph at lines 6--9
\JY1/mc/m/n/10 キ
 []


Overfull \hbox (7.47433pt too wide) in paragraph at lines 6--9
\JY1/mc/m/n/10 ュ
 []


Overfull \hbox (9.62216pt too wide) in paragraph at lines 6--9
\JY1/mc/m/n/10 メ
 []


Overfull \hbox (9.62216pt too wide) in paragraph at lines 6--9
\JY1/mc/m/n/10 ン
 []


Overfull \hbox (12.39995pt too wide) in paragraph at lines 6--9
\JY1/mc/m/n/10 ト\OT1/cmr/m/n/10 ,
 []


Overfull \hbox (690.88168pt too wide) in paragraph at lines 6--9
\OT1/cmr/m/n/10 https://www.google.com/intl/ja$[]\OML/cmm/m/it/10 p=docs=about=; GoogleInc:[]MicrosoftWordOnline; []; MicrosoftCorporation:[]$ 
 []


./reference.tex:9: LaTeX Error: Lonely \item--perhaps a missing list environment.

See the LaTeX manual or LaTeX Companion for explanation.
Type  H <return>  for immediate help.
 ...                                              
                                                  
l.9 \bibitem[CoMaya]{COMAYA}
                            
Try typing  <return>  to proceed.
If that doesn't work, type  X <return>  to quit.

\bibcite{COMAYA}{CoMaya}
./reference.tex:10: Undefined control sequence.
l.10 ...into 3D Digital Media Design Tools,'' {\it
                                                   Proc. CSCW '08}, pp. 5--8...
The control sequence at the end of the top line
of your error message was never \def'ed. If you have
misspelled it (e.g., `\hobx'), type `I' and the correct
spelling (e.g., `I\hbox'). Otherwise just continue,
and I'll forget about whatever was undefined.


Overfull \hbox (42.0001pt too wide) in paragraph at lines 10--11
\OT1/cmr/m/n/10 Agustina,
 []


Overfull \hbox (12.91669pt too wide) in paragraph at lines 10--11
\OT1/cmr/m/n/10 Fei
 []


Overfull \hbox (17.36116pt too wide) in paragraph at lines 10--11
\OT1/cmr/m/n/10 Liu,
 []


Overfull \hbox (28.88895pt too wide) in paragraph at lines 10--11
\OT1/cmr/m/n/10 Steven
 []


Overfull \hbox (18.0556pt too wide) in paragraph at lines 10--11
\OT1/cmr/m/n/10 Xia,
 []


Overfull \hbox (33.33342pt too wide) in paragraph at lines 10--11
\OT1/cmr/m/n/10 Haifeng
 []


Overfull \hbox (23.88895pt too wide) in paragraph at lines 10--11
\OT1/cmr/m/n/10 Shen,
 []


Overfull \hbox (16.11116pt too wide) in paragraph at lines 10--11
\OT1/cmr/m/n/10 and
 []


Overfull \hbox (52.77788pt too wide) in paragraph at lines 10--11
\OT1/cmr/m/n/10 Chengzheng
 []


Overfull \hbox (19.4445pt too wide) in paragraph at lines 10--11
\OT1/cmr/m/n/10 Sun,
 []


Overfull \hbox (20.55559pt too wide) in paragraph at lines 10--11
\OT1/cmr/m/n/10 ``Co-
 []


Overfull \hbox (26.66673pt too wide) in paragraph at lines 10--11
\OT1/cmr/m/n/10 Maya:
 []


Overfull \hbox (12.50002pt too wide) in paragraph at lines 10--11
\OT1/cmr/m/n/10 In-
 []


Overfull \hbox (16.69446pt too wide) in paragraph at lines 10--11
\OT1/cmr/m/n/10 cor-
 []


Overfull \hbox (14.1667pt too wide) in paragraph at lines 10--11
\OT1/cmr/m/n/10 po-
 []


Overfull \hbox (16.13892pt too wide) in paragraph at lines 10--11
\OT1/cmr/m/n/10 rat-
 []


Overfull \hbox (13.33337pt too wide) in paragraph at lines 10--11
\OT1/cmr/m/n/10 ing
 []


Overfull \hbox (16.38892pt too wide) in paragraph at lines 10--11
\OT1/cmr/m/n/10 Ad-
 []


Overfull \hbox (29.72229pt too wide) in paragraph at lines 10--11
\OT1/cmr/m/n/10 vanced
 []


Overfull \hbox (18.33336pt too wide) in paragraph at lines 10--11
\OT1/cmr/m/n/10 Col-
 []


Overfull \hbox (16.6667pt too wide) in paragraph at lines 10--11
\OT1/cmr/m/n/10 lab-
 []


Overfull \hbox (8.33334pt too wide) in paragraph at lines 10--11
\OT1/cmr/m/n/10 o-
 []


Overfull \hbox (12.25002pt too wide) in paragraph at lines 10--11
\OT1/cmr/m/n/10 ra-
 []


Overfull \hbox (17.22227pt too wide) in paragraph at lines 10--11
\OT1/cmr/m/n/10 tion
 []


Overfull \hbox (15.55557pt too wide) in paragraph at lines 10--11
\OT1/cmr/m/n/10 Ca-
 []


Overfull \hbox (13.88892pt too wide) in paragraph at lines 10--11
\OT1/cmr/m/n/10 pa-
 []


Overfull \hbox (14.44447pt too wide) in paragraph at lines 10--11
\OT1/cmr/m/n/10 bil-
 []


Overfull \hbox (6.11111pt too wide) in paragraph at lines 10--11
\OT1/cmr/m/n/10 i-
 []


Overfull \hbox (15.05557pt too wide) in paragraph at lines 10--11
\OT1/cmr/m/n/10 ties
 []


Overfull \hbox (16.94449pt too wide) in paragraph at lines 10--11
\OT1/cmr/m/n/10 into
 []


Overfull \hbox (12.63892pt too wide) in paragraph at lines 10--11
\OT1/cmr/m/n/10 3D
 []


Overfull \hbox (18.75003pt too wide) in paragraph at lines 10--11
\OT1/cmr/m/n/10 Dig-
 []


Overfull \hbox (6.11111pt too wide) in paragraph at lines 10--11
\OT1/cmr/m/n/10 i-
 []


Overfull \hbox (11.6667pt too wide) in paragraph at lines 10--11
\OT1/cmr/m/n/10 tal
 []


Overfull \hbox (16.94446pt too wide) in paragraph at lines 10--11
\OT1/cmr/m/n/10 Me-
 []


Overfull \hbox (13.33337pt too wide) in paragraph at lines 10--11
\OT1/cmr/m/n/10 dia
 []


Overfull \hbox (15.41667pt too wide) in paragraph at lines 10--11
\OT1/cmr/m/n/10 De-
 []


Overfull \hbox (17.27782pt too wide) in paragraph at lines 10--11
\OT1/cmr/m/n/10 sign
 []


Overfull \hbox (31.16673pt too wide) in paragraph at lines 10--11
\OT1/cmr/m/n/10 Tools,''
 []


Overfull \hbox (23.22227pt too wide) in paragraph at lines 10--11
\OT1/cmr/m/n/10 Proc.
 []


Overfull \hbox (30.27783pt too wide) in paragraph at lines 10--11
\OT1/cmr/m/n/10 CSCW
 []


Overfull \hbox (15.5556pt too wide) in paragraph at lines 10--11
\OT1/cmr/m/n/10 '08,
 []


Overfull \hbox (13.88893pt too wide) in paragraph at lines 10--11
\OT1/cmr/m/n/10 pp.
 []


Overfull \hbox (10.00003pt too wide) in paragraph at lines 10--11
\OT1/cmr/m/n/10 5--
 []


Overfull \hbox (7.7778pt too wide) in paragraph at lines 10--11
\OT1/cmr/m/n/10 8,
 []


Overfull \hbox (22.77785pt too wide) in paragraph at lines 10--11
\OT1/cmr/m/n/10 2008. 
 []


./reference.tex:11: LaTeX Error: Lonely \item--perhaps a missing list environment.

See the LaTeX manual or LaTeX Companion for explanation.
Type  H <return>  for immediate help.
 ...                                              
                                                  
l.11 \bibitem[Differential Syncronization]{DS}
                                              
Try typing  <return>  to proceed.
If that doesn't work, type  X <return>  to quit.

\bibcite{DS}{Differential Syncronization}
./reference.tex:12: Undefined control sequence.
l.12 ...^^I``Differential Synchronization,''  {\it
                                                   Proc. DecEng '09}, pp. 13...
The control sequence at the end of the top line
of your error message was never \def'ed. If you have
misspelled it (e.g., `\hobx'), type `I' and the correct
spelling (e.g., `I\hbox'). Otherwise just continue,
and I'll forget about whatever was undefined.


Overfull \hbox (29.69449pt too wide) in paragraph at lines 12--13
\OT1/cmr/m/n/10 Fraser,
 []


Overfull \hbox (21.8056pt too wide) in paragraph at lines 12--13
\OT1/cmr/m/n/10 ``Dif-
 []


Overfull \hbox (14.75002pt too wide) in paragraph at lines 12--13
\OT1/cmr/m/n/10 fer-
 []


Overfull \hbox (13.33334pt too wide) in paragraph at lines 12--13
\OT1/cmr/m/n/10 en-
 []


Overfull \hbox (14.44449pt too wide) in paragraph at lines 12--13
\OT1/cmr/m/n/10 tial
 []


Overfull \hbox (19.72227pt too wide) in paragraph at lines 12--13
\OT1/cmr/m/n/10 Syn-
 []


Overfull \hbox (21.97224pt too wide) in paragraph at lines 12--13
\OT1/cmr/m/n/10 chro-
 []


Overfull \hbox (21.11115pt too wide) in paragraph at lines 12--13
\OT1/cmr/m/n/10 niza-
 []


Overfull \hbox (25.00008pt too wide) in paragraph at lines 12--13
\OT1/cmr/m/n/10 tion,''
 []


Overfull \hbox (23.22227pt too wide) in paragraph at lines 12--13
\OT1/cmr/m/n/10 Proc.
 []


Overfull \hbox (15.41667pt too wide) in paragraph at lines 12--13
\OT1/cmr/m/n/10 De-
 []


Overfull \hbox (21.8056pt too wide) in paragraph at lines 12--13
\OT1/cmr/m/n/10 cEng
 []


Overfull \hbox (15.5556pt too wide) in paragraph at lines 12--13
\OT1/cmr/m/n/10 '09,
 []


Overfull \hbox (13.88893pt too wide) in paragraph at lines 12--13
\OT1/cmr/m/n/10 pp.
 []


Overfull \hbox (15.00005pt too wide) in paragraph at lines 12--13
\OT1/cmr/m/n/10 13--
 []


Overfull \hbox (12.77782pt too wide) in paragraph at lines 12--13
\OT1/cmr/m/n/10 20,
 []


Overfull \hbox (22.77785pt too wide) in paragraph at lines 12--13
\OT1/cmr/m/n/10 2009. 
 []


./reference.tex:13: LaTeX Error: Lonely \item--perhaps a missing list environment.

See the LaTeX manual or LaTeX Companion for explanation.
Type  H <return>  for immediate help.
 ...                                              
                                                  
l.13 \bibitem[Operational Transformation]{OT}
                                             
Try typing  <return>  to proceed.
If that doesn't work, type  X <return>  to quit.

\bibcite{OT}{Operational Transformation}
./reference.tex:14: Undefined control sequence.
l.14 ...rency control in groupware systems,'' {\it
                                                   Proc. International Confe...
The control sequence at the end of the top line
of your error message was never \def'ed. If you have
misspelled it (e.g., `\hobx'), type `I' and the correct
spelling (e.g., `I\hbox'). Otherwise just continue,
and I'll forget about whatever was undefined.


Overfull \hbox (21.86116pt too wide) in paragraph at lines 14--15
\OT1/cmr/m/n/10 Ellis,
 []


Overfull \hbox (8.33334pt too wide) in paragraph at lines 14--15
\OT1/cmr/m/n/10 et
 []


Overfull \hbox (13.33337pt too wide) in paragraph at lines 14--15
\OT1/cmr/m/n/10 al.,
 []


Overfull \hbox (26.11116pt too wide) in paragraph at lines 14--15
\OT1/cmr/m/n/10 ``Con-
 []


Overfull \hbox (17.25002pt too wide) in paragraph at lines 14--15
\OT1/cmr/m/n/10 cur-
 []


Overfull \hbox (23.63893pt too wide) in paragraph at lines 14--15
\OT1/cmr/m/n/10 rency
 []


Overfull \hbox (18.33336pt too wide) in paragraph at lines 14--15
\OT1/cmr/m/n/10 con-
 []


Overfull \hbox (15.58337pt too wide) in paragraph at lines 14--15
\OT1/cmr/m/n/10 trol
 []


Overfull \hbox (8.33336pt too wide) in paragraph at lines 14--15
\OT1/cmr/m/n/10 in
 []


Overfull \hbox (28.36118pt too wide) in paragraph at lines 14--15
\OT1/cmr/m/n/10 group-
 []


Overfull \hbox (20.30557pt too wide) in paragraph at lines 14--15
\OT1/cmr/m/n/10 ware
 []


Overfull \hbox (16.50002pt too wide) in paragraph at lines 14--15
\OT1/cmr/m/n/10 sys-
 []


Overfull \hbox (28.38895pt too wide) in paragraph at lines 14--15
\OT1/cmr/m/n/10 tems,''
 []


Overfull \hbox (23.22227pt too wide) in paragraph at lines 14--15
\OT1/cmr/m/n/10 Proc.
 []


Overfull \hbox (12.50002pt too wide) in paragraph at lines 14--15
\OT1/cmr/m/n/10 In-
 []


Overfull \hbox (15.58334pt too wide) in paragraph at lines 14--15
\OT1/cmr/m/n/10 ter-
 []


Overfull \hbox (13.88892pt too wide) in paragraph at lines 14--15
\OT1/cmr/m/n/10 na-
 []


Overfull \hbox (25.00008pt too wide) in paragraph at lines 14--15
\OT1/cmr/m/n/10 tional
 []


Overfull \hbox (21.11115pt too wide) in paragraph at lines 14--15
\OT1/cmr/m/n/10 Con-
 []


Overfull \hbox (14.75002pt too wide) in paragraph at lines 14--15
\OT1/cmr/m/n/10 fer-
 []


Overfull \hbox (18.8889pt too wide) in paragraph at lines 14--15
\OT1/cmr/m/n/10 ence
 []


Overfull \hbox (10.55559pt too wide) in paragraph at lines 14--15
\OT1/cmr/m/n/10 on
 []


Overfull \hbox (23.0556pt too wide) in paragraph at lines 14--15
\OT1/cmr/m/n/10 Man-
 []


Overfull \hbox (17.7778pt too wide) in paragraph at lines 14--15
\OT1/cmr/m/n/10 age-
 []


Overfull \hbox (21.94449pt too wide) in paragraph at lines 14--15
\OT1/cmr/m/n/10 ment
 []


Overfull \hbox (8.05559pt too wide) in paragraph at lines 14--15
\OT1/cmr/m/n/10 of
 []


Overfull \hbox (21.52783pt too wide) in paragraph at lines 14--15
\OT1/cmr/m/n/10 Data
 []


Overfull \hbox (15.5556pt too wide) in paragraph at lines 14--15
\OT1/cmr/m/n/10 '89,
 []


Overfull \hbox (22.77785pt too wide) in paragraph at lines 14--15
\OT1/cmr/m/n/10 1989. 
 []


./reference.tex:15: LaTeX Error: The font size command \normalsize is not defined:
               there is probably something wrong with the class file.

See the LaTeX manual or LaTeX Companion for explanation.
Type  H <return>  for immediate help.
 ...                                              
                                                  
l.15 \bibitem[WFE]{WFE}
                       
Your command was ignored.
Type  I <command> <return>  to replace it with another command,
or  <return>  to continue without it.

[1
./reference.tex:15: Undefined control sequence.
<write> ...tentsline {chapter}{参考文献}{\thepage 
                                                  }}
l.15 \bibitem[WFE]{WFE}
                       
The control sequence at the end of the top line
of your error message was never \def'ed. If you have
misspelled it (e.g., `\hobx'), type `I' and the correct
spelling (e.g., `I\hbox'). Otherwise just continue,
and I'll forget about whatever was undefined.

\@writefile{toc}{\contentsline {chapter}{参考文献}{}}
]

./reference.tex:15: LaTeX Error: Lonely \item--perhaps a missing list environment.

See the LaTeX manual or LaTeX Companion for explanation.
Type  H <return>  for immediate help.
 ...                                              
                                                  
l.15 \bibitem[WFE]{WFE}
                       
Try typing  <return>  to proceed.
If that doesn't work, type  X <return>  to quit.

\bibcite{WFE}{WFE}

Overfull \hbox (9.62216pt too wide) in paragraph at lines 16--17
\JY1/mc/m/n/10 合
 []


Overfull \hbox (9.62216pt too wide) in paragraph at lines 16--17
\JY1/mc/m/n/10 田
 []


Overfull \hbox (9.62216pt too wide) in paragraph at lines 16--17
\JY1/mc/m/n/10 拓
 []


Overfull \hbox (12.39995pt too wide) in paragraph at lines 16--17
\JY1/mc/m/n/10 史\OT1/cmr/m/n/10 ,
 []


Overfull \hbox (9.62216pt too wide) in paragraph at lines 16--17
\JY1/mc/m/n/10 井
 []


Overfull \hbox (9.62216pt too wide) in paragraph at lines 16--17
\JY1/mc/m/n/10 上
 []


Overfull \hbox (9.62216pt too wide) in paragraph at lines 16--17
\JY1/mc/m/n/10 良
 []


Overfull \hbox (12.39995pt too wide) in paragraph at lines 16--17
\JY1/mc/m/n/10 太\OT1/cmr/m/n/10 ,
 []


Overfull \hbox (9.62216pt too wide) in paragraph at lines 16--17
\JY1/mc/m/n/10 加
 []


Overfull \hbox (9.62216pt too wide) in paragraph at lines 16--17
\JY1/mc/m/n/10 藤
 []


Overfull \hbox (9.62216pt too wide) in paragraph at lines 16--17
\JY1/mc/m/n/10 雄
 []


Overfull \hbox (12.39995pt too wide) in paragraph at lines 16--17
\JY1/mc/m/n/10 大\OT1/cmr/m/n/10 ,
 []


Overfull \hbox (9.62216pt too wide) in paragraph at lines 16--17
\JY1/mc/m/n/10 白
 []


Overfull \hbox (9.62216pt too wide) in paragraph at lines 16--17
\JY1/mc/m/n/10 松
 []


Overfull \hbox (12.39995pt too wide) in paragraph at lines 16--17
\JY1/mc/m/n/10 俊\OT1/cmr/m/n/10 ,
 []


Overfull \hbox (9.62216pt too wide) in paragraph at lines 16--17
\JY1/mc/m/n/10 大
 []


Overfull \hbox (9.62216pt too wide) in paragraph at lines 16--17
\JY1/mc/m/n/10 囿
 []


Overfull \hbox (9.62216pt too wide) in paragraph at lines 16--17
\JY1/mc/m/n/10 忠
 []


Overfull \hbox (12.39995pt too wide) in paragraph at lines 16--17
\JY1/mc/m/n/10 親\OT1/cmr/m/n/10 ,
 []


Overfull \hbox (9.62216pt too wide) in paragraph at lines 16--17
\JY1/mc/m/n/10 新
 []


Overfull \hbox (9.62216pt too wide) in paragraph at lines 16--17
\JY1/mc/m/n/10 谷
 []


Overfull \hbox (9.62216pt too wide) in paragraph at lines 16--17
\JY1/mc/m/n/10 虎
 []


Overfull \hbox (12.39995pt too wide) in paragraph at lines 16--17
\JY1/mc/m/n/10 松\OT1/cmr/m/n/10 ,
 []


Overfull \hbox (5.00002pt too wide) in paragraph at lines 16--17
\OT1/cmr/m/n/10 ``
 []


Overfull \hbox (9.62216pt too wide) in paragraph at lines 16--17
\JY1/mc/m/n/10 既
 []


Overfull \hbox (9.62216pt too wide) in paragraph at lines 16--17
\JY1/mc/m/n/10 存
 []


Overfull \hbox (19.44447pt too wide) in paragraph at lines 16--17
\OT1/cmr/m/n/10 Web
 []


Overfull \hbox (18.74432pt too wide) in paragraph at lines 16--17
\JY1/mc/m/n/10 ペ ー
 []


Overfull \hbox (9.62216pt too wide) in paragraph at lines 16--17
\JY1/mc/m/n/10 ジ
 []


Overfull \hbox (9.62216pt too wide) in paragraph at lines 16--17
\JY1/mc/m/n/10 同
 []


Overfull \hbox (9.62216pt too wide) in paragraph at lines 16--17
\JY1/mc/m/n/10 期
 []


Overfull \hbox (9.62216pt too wide) in paragraph at lines 16--17
\JY1/mc/m/n/10 編
 []


Overfull \hbox (9.62216pt too wide) in paragraph at lines 16--17
\JY1/mc/m/n/10 集
 []


Overfull \hbox (9.62216pt too wide) in paragraph at lines 16--17
\JY1/mc/m/n/10 シ
 []


Overfull \hbox (9.62216pt too wide) in paragraph at lines 16--17
\JY1/mc/m/n/10 ス
 []


Overfull \hbox (9.62216pt too wide) in paragraph at lines 16--17
\JY1/mc/m/n/10 テ
 []


Overfull \hbox (9.62216pt too wide) in paragraph at lines 16--17
\JY1/mc/m/n/10 ム
 []


Overfull \hbox (26.9445pt too wide) in paragraph at lines 16--17
\OT1/cmr/m/n/10 WFE-
 []


Overfull \hbox (5.55557pt too wide) in paragraph at lines 16--17
\OT1/cmr/m/n/10 S
 []


Overfull \hbox (9.62216pt too wide) in paragraph at lines 16--17
\JY1/mc/m/n/10 に
 []


Overfull \hbox (9.62216pt too wide) in paragraph at lines 16--17
\JY1/mc/m/n/10 お
 []


Overfull \hbox (9.62216pt too wide) in paragraph at lines 16--17
\JY1/mc/m/n/10 け
 []


Overfull \hbox (9.62216pt too wide) in paragraph at lines 16--17
\JY1/mc/m/n/10 る
 []


Overfull \hbox (9.62216pt too wide) in paragraph at lines 16--17
\JY1/mc/m/n/10 差
 []


Overfull \hbox (9.62216pt too wide) in paragraph at lines 16--17
\JY1/mc/m/n/10 分
 []


Overfull \hbox (9.62216pt too wide) in paragraph at lines 16--17
\JY1/mc/m/n/10 同
 []


Overfull \hbox (9.62216pt too wide) in paragraph at lines 16--17
\JY1/mc/m/n/10 期
 []


Overfull \hbox (9.62216pt too wide) in paragraph at lines 16--17
\JY1/mc/m/n/10 機
 []


Overfull \hbox (9.62216pt too wide) in paragraph at lines 16--17
\JY1/mc/m/n/10 構
 []


Overfull \hbox (9.62216pt too wide) in paragraph at lines 16--17
\JY1/mc/m/n/10 の
 []


Overfull \hbox (9.62216pt too wide) in paragraph at lines 16--17
\JY1/mc/m/n/10 試
 []


Overfull \hbox (17.39996pt too wide) in paragraph at lines 16--17
\JY1/mc/m/n/10 作\OT1/cmr/m/n/10 ,''
 []


Overfull \hbox (9.62216pt too wide) in paragraph at lines 16--17
\JY1/mc/m/n/10 情
 []


Overfull \hbox (9.62216pt too wide) in paragraph at lines 16--17
\JY1/mc/m/n/10 報
 []


Overfull \hbox (9.62216pt too wide) in paragraph at lines 16--17
\JY1/mc/m/n/10 科
 []


Overfull \hbox (9.62216pt too wide) in paragraph at lines 16--17
\JY1/mc/m/n/10 学
 []


Overfull \hbox (9.62216pt too wide) in paragraph at lines 16--17
\JY1/mc/m/n/10 技
 []


Overfull \hbox (9.62216pt too wide) in paragraph at lines 16--17
\JY1/mc/m/n/10 術
 []


Overfull \hbox (9.62216pt too wide) in paragraph at lines 16--17
\JY1/mc/m/n/10 フ
 []


Overfull \hbox (17.0965pt too wide) in paragraph at lines 16--17
\JY1/mc/m/n/10 ォ ー
 []


Overfull \hbox (9.62216pt too wide) in paragraph at lines 16--17
\JY1/mc/m/n/10 ラ
 []


Overfull \hbox (9.62216pt too wide) in paragraph at lines 16--17
\JY1/mc/m/n/10 ム
 []


Overfull \hbox (9.62216pt too wide) in paragraph at lines 16--17
\JY1/mc/m/n/10 講
 []


Overfull \hbox (9.62216pt too wide) in paragraph at lines 16--17
\JY1/mc/m/n/10 演
 []


Overfull \hbox (9.62216pt too wide) in paragraph at lines 16--17
\JY1/mc/m/n/10 論
 []


Overfull \hbox (9.62216pt too wide) in paragraph at lines 16--17
\JY1/mc/m/n/10 文
 []


Overfull \hbox (12.39995pt too wide) in paragraph at lines 16--17
\JY1/mc/m/n/10 集\OT1/cmr/m/n/10 ,
 []


Overfull \hbox (17.22226pt too wide) in paragraph at lines 16--17
\OT1/cmr/m/n/10 Vol.
 []


Overfull \hbox (12.77782pt too wide) in paragraph at lines 16--17
\OT1/cmr/m/n/10 11,
 []


Overfull \hbox (13.88893pt too wide) in paragraph at lines 16--17
\OT1/cmr/m/n/10 pp,
 []


Overfull \hbox (15.00005pt too wide) in paragraph at lines 16--17
\OT1/cmr/m/n/10 31--
 []


Overfull \hbox (12.77782pt too wide) in paragraph at lines 16--17
\OT1/cmr/m/n/10 37,
 []


Overfull \hbox (22.77785pt too wide) in paragraph at lines 16--17
\OT1/cmr/m/n/10 2012. 
 []


./reference.tex:18: LaTeX Error: \begin{document} ended by \end{thebibliography}.

See the LaTeX manual or LaTeX Companion for explanation.
Type  H <return>  for immediate help.
 ...                                              
                                                  
l.18 \end{thebibliography}
                          
Your command was ignored.
Type  I <command> <return>  to replace it with another command,
or  <return>  to continue without it.

./reference.tex:18: Missing } inserted.
<inserted text> 
                }
l.18 \end{thebibliography}
                          
I've inserted something that you may have forgotten.
(See the <inserted text> above.)
With luck, this will get me unwedged. But if you
really didn't forget anything, try typing `2' now; then
my insertion and my current dilemma will both disappear.

)
! Emergency stop.
<*> reference.tex
                 
*** (job aborted, no legal \end found)

 
Here is how much of TeX's memory you used:
 10 strings out of 493683
 131 string characters out of 6149653
 59138 words of memory out of 5000000
 3676 multiletter control sequences out of 15000+600000
 7511 words of font info for 31 fonts, out of 8000000 for 9000
 929 hyphenation exceptions out of 8191
 18i,4n,13p,216b,130s stack positions out of 5000i,500n,10000p,200000b,80000s
Output written on reference.dvi (1 page, 1292 bytes).
