This is e-pTeX, Version 3.14159265-p3.7-160201-2.6 (utf8.euc) (TeX Live 2016) (preloaded format=platex 2017.1.28)  21 FEB 2017 19:13
entering extended mode
 restricted \write18 enabled.
 file:line:error style messages enabled.
 %&-line parsing enabled.
**thesis.tex
(./thesis.tex
pLaTeX2e <2016/11/29> (based on LaTeX2e <2017/01/01> patch level 1)
Babel <3.9r> and hyphenation patterns for 83 language(s) loaded.
(./AIthesis.cls (/usr/local/texlive/2016/texmf-dist/tex/platex/base/plext.sty
Package: plext 2016/11/19 v1.2c pLaTeX package file (community edition)
\@floatbox=\box41
\floatwidth=\dimen118
\floatheight=\dimen119
\floatruletick=\dimen120
\captionfloatsep=\dimen121
\captionwidth=\dimen122
\@captionbox=\box42
\save@ybaselineshift=\dimen123
\save@tbaselineshift=\dimen124
\@picwd=\dimen125
\rensujiskip=\skip41
)
Document Class: AIthesis 2017/1/26 v0.2
(/usr/local/texlive/2016/texmf-dist/tex/platex/base/jreport.cls
Document Class: jreport 2016/11/22 v1.7b Standard pLaTeX class
\c@@paper=\count82
(/usr/local/texlive/2016/texmf-dist/tex/platex/base/jsize11.clo
File: jsize11.clo 2016/11/22 v1.7b Standard pLaTeX file (size option)
)
\c@part=\count83
\c@chapter=\count84
\c@section=\count85
\c@subsection=\count86
\c@subsubsection=\count87
\c@paragraph=\count88
\c@subparagraph=\count89
\c@figure=\count90
\c@table=\count91
\abovecaptionskip=\skip42
\belowcaptionskip=\skip43
\symmincho=\mathgroup4
LaTeX Font Info:    Overwriting symbol font `mincho' in version `bold'
(Font)                  JY1/mc/m/n --> JY1/gt/m/n on input line 653.
\toclineskip=\dimen126
\@lnumwidth=\dimen127
\bibindent=\dimen128
\heisei=\count92
)) (/usr/local/texlive/2016/texmf-dist/tex/latex/graphics/graphicx.sty
Package: graphicx 2014/10/28 v1.0g Enhanced LaTeX Graphics (DPC,SPQR)
 (/usr/local/texlive/2016/texmf-dist/tex/latex/graphics/keyval.sty
Package: keyval 2014/10/28 v1.15 key=value parser (DPC)
\KV@toks@=\toks15
) (/usr/local/texlive/2016/texmf-dist/tex/latex/graphics/graphics.sty
Package: graphics 2016/10/09 v1.0u Standard LaTeX Graphics (DPC,SPQR)
 (/usr/local/texlive/2016/texmf-dist/tex/latex/graphics/trig.sty
Package: trig 2016/01/03 v1.10 sin cos tan (DPC)
) (/usr/local/texlive/2016/texmf-dist/tex/latex/graphics-cfg/graphics.cfg
File: graphics.cfg 2016/06/04 v1.11 sample graphics configuration
)
Package graphics Info: Driver file: dvipdfmx.def on input line 99.
 (/usr/local/texlive/2016/texmf-dist/tex/latex/graphics-def/dvipdfmx.def
File: dvipdfmx.def 2016/07/11 v4.12 LaTeX color/graphics driver for dvipdfmx (L3/ChoF)
))
\Gin@req@height=\dimen129
\Gin@req@width=\dimen130
) (/usr/local/texlive/2016/texmf-dist/tex/latex/tools/tabularx.sty
Package: tabularx 2016/02/03 v2.11 `tabularx' package (DPC)
 (/usr/local/texlive/2016/texmf-dist/tex/latex/tools/array.sty
Package: array 2016/10/06 v2.4d Tabular extension package (FMi)
\col@sep=\dimen131
\extrarowheight=\dimen132
\NC@list=\toks16
\extratabsurround=\skip44
\backup@length=\skip45
)
\TX@col@width=\dimen133
\TX@old@table=\dimen134
\TX@old@col=\dimen135
\TX@target=\dimen136
\TX@delta=\dimen137
\TX@cols=\count93
\TX@ftn=\toks17
) (/usr/local/texlive/2016/texmf-dist/tex/latex/url/url.sty
\Urlmuskip=\muskip10
Package: url 2013/09/16  ver 3.4  Verb mode for urls, etc.
)
LaTeX Font Info:    Overwriting symbol font `largesymbols' in version `normal'
(Font)                  OMX/cmex/m/n --> OMX/lcmex/m/n on input line 11.


LaTeX Warning: Unused global option(s):
    [12pt].

(./thesis.aux (./introduction.aux) (./background.aux) (./method.aux) (./test.aux) (./conclusion.aux) (./thank.aux) (./reference.aux))
\openout1 = `thesis.aux'.

LaTeX Font Info:    Checking defaults for OML/cmm/m/it on input line 12.
LaTeX Font Info:    ... okay on input line 12.
LaTeX Font Info:    Checking defaults for T1/cmr/m/n on input line 12.
LaTeX Font Info:    ... okay on input line 12.
LaTeX Font Info:    Checking defaults for OT1/cmr/m/n on input line 12.
LaTeX Font Info:    ... okay on input line 12.
LaTeX Font Info:    Checking defaults for OMS/cmsy/m/n on input line 12.
LaTeX Font Info:    ... okay on input line 12.
LaTeX Font Info:    Checking defaults for OMX/cmex/m/n on input line 12.
LaTeX Font Info:    ... okay on input line 12.
LaTeX Font Info:    Checking defaults for U/cmr/m/n on input line 12.
LaTeX Font Info:    ... okay on input line 12.
LaTeX Font Info:    Checking defaults for JY1/mc/m/n on input line 12.
LaTeX Font Info:    ... okay on input line 12.
LaTeX Font Info:    Checking defaults for JT1/mc/m/n on input line 12.
LaTeX Font Info:    ... okay on input line 12.
 (./personal.tex) [0


]
LaTeX Font Info:    Try loading font information for OMX+lcmex on input line 12.
 (/usr/local/texlive/2016/texmf-dist/tex/latex/base/omxlcmex.fd
File: omxlcmex.fd 1998/06/12 v2.2e Standard LaTeX slide font definitions
)
LaTeX Font Info:    External font `cmex10 at17.28pt' loaded for size
(Font)              <14.4> on input line 12.
LaTeX Font Info:    External font `cmex10 at17.28pt' loaded for size
(Font)              <10> on input line 12.
LaTeX Font Info:    External font `cmex10 at17.28pt' loaded for size
(Font)              <7> on input line 12.
LaTeX Font Info:    External font `cmex10 at17.28pt' loaded for size
(Font)              <17.28> on input line 12.
LaTeX Font Info:    External font `cmex10 at17.28pt' loaded for size
(Font)              <12> on input line 12.
 [0

] [0

]
LaTeX Font Info:    Font shape `JT1/mc/bx/n' in size <20.74> not available
(Font)              Font shape `JT1/gt/m/n' tried instead on input line 16.
LaTeX Font Info:    Font shape `JY1/mc/bx/n' in size <20.74> not available
(Font)              Font shape `JY1/gt/m/n' tried instead on input line 16.
 (./thesis.toc
LaTeX Font Info:    Font shape `JT1/mc/bx/n' in size <10.95> not available
(Font)              Font shape `JT1/gt/m/n' tried instead on input line 1.
LaTeX Font Info:    Font shape `JY1/mc/bx/n' in size <10.95> not available
(Font)              Font shape `JY1/gt/m/n' tried instead on input line 1.
LaTeX Font Info:    External font `cmex10 at17.28pt' loaded for size
(Font)              <10.95> on input line 3.
LaTeX Font Info:    External font `cmex10 at17.28pt' loaded for size
(Font)              <8> on input line 3.
LaTeX Font Info:    External font `cmex10 at17.28pt' loaded for size
(Font)              <6> on input line 3.
 [1

])
\tf@toc=\write3
\openout3 = `thesis.toc'.

 [1]
\openout2 = `introduction.aux'.

 (./introduction.tex
第 1 章
) [1


]
\openout2 = `background.aux'.

 (./background.tex
第 2 章
LaTeX Font Info:    Font shape `JT1/mc/bx/n' in size <14.4> not available
(Font)              Font shape `JT1/gt/m/n' tried instead on input line 10.
LaTeX Font Info:    Font shape `JY1/mc/bx/n' in size <14.4> not available
(Font)              Font shape `JY1/gt/m/n' tried instead on input line 10.

LaTeX Warning: No positions in optional float specifier.
               Default added (so using `tbp') on input line 12.

File: images/mujyun.png Graphic file (type bmp)
<images/mujyun.png>
LaTeX Font Info:    Font shape `JT1/mc/bx/n' in size <12> not available
(Font)              Font shape `JT1/gt/m/n' tried instead on input line 32.
LaTeX Font Info:    Font shape `JY1/mc/bx/n' in size <12> not available
(Font)              Font shape `JY1/gt/m/n' tried instead on input line 32.


LaTeX Warning: No positions in optional float specifier.
               Default added (so using `tbp') on input line 38.

File: images/ot.png Graphic file (type bmp)
<images/ot.png>

LaTeX Warning: No positions in optional float specifier.
               Default added (so using `tbp') on input line 48.

File: images/threeway.png Graphic file (type bmp)
<images/threeway.png> [2



] [3]

LaTeX Warning: No positions in optional float specifier.
               Default added (so using `tbp') on input line 58.

File: images/Dual_shadow.png Graphic file (type bmp)
<images/Dual_shadow.png>

LaTeX Warning: No positions in optional float specifier.
               Default added (so using `tbp') on input line 66.

File: images/DSCT.png Graphic file (type bmp)
<images/DSCT.png>

LaTeX Warning: No positions in optional float specifier.
               Default added (so using `tbp') on input line 79.

File: images/comaya.png Graphic file (type bmp)
<images/comaya.png> [4] [5]) [6] [7]
\openout2 = `method.aux'.

 (./method.tex
第 3 章

LaTeX Warning: No positions in optional float specifier.
               Default added (so using `tbp') on input line 24.

File: images/er.png Graphic file (type bmp)
<images/er.png>

LaTeX Warning: No positions in optional float specifier.
               Default added (so using `tbp') on input line 33.

File: images/prop.png Graphic file (type bmp)
<images/prop.png>

LaTeX Warning: No positions in optional float specifier.
               Default added (so using `tbp') on input line 52.

File: images/uuid.png Graphic file (type bmp)
<images/uuid.png> [8



] [9]

LaTeX Warning: No positions in optional float specifier.
               Default added (so using `tbp') on input line 66.

File: images/DS.png Graphic file (type bmp)
<images/DS.png> [10]

LaTeX Warning: No positions in optional float specifier.
               Default added (so using `tbp') on input line 90.

File: images/sycle1.png Graphic file (type bmp)
<images/sycle1.png>
Overfull \hbox (27.6032pt too wide) in paragraph at lines 92--93
 [] 
 []


LaTeX Warning: No positions in optional float specifier.
               Default added (so using `tbp') on input line 97.

File: images/sycle2.png Graphic file (type bmp)
<images/sycle2.png>
Overfull \hbox (28.05489pt too wide) in paragraph at lines 99--100
 [] 
 []


LaTeX Warning: No positions in optional float specifier.
               Default added (so using `tbp') on input line 104.

File: images/sycle3.png Graphic file (type bmp)
<images/sycle3.png>
Overfull \hbox (29.41302pt too wide) in paragraph at lines 106--107
 [] 
 []


LaTeX Warning: No positions in optional float specifier.
               Default added (so using `tbp') on input line 119.

File: images/ope0.png Graphic file (type bmp)
<images/ope0.png>

LaTeX Warning: No positions in optional float specifier.
               Default added (so using `tbp') on input line 127.

File: images/ope1.png Graphic file (type bmp)
<images/ope1.png>

LaTeX Warning: No positions in optional float specifier.
               Default added (so using `tbp') on input line 135.

File: images/ope2.png Graphic file (type bmp)
<images/ope2.png>

LaTeX Warning: No positions in optional float specifier.
               Default added (so using `tbp') on input line 143.

File: images/ope3.png Graphic file (type bmp)
<images/ope3.png>

LaTeX Warning: No positions in optional float specifier.
               Default added (so using `tbp') on input line 151.

File: images/ope4.png Graphic file (type bmp)
<images/ope4.png>

LaTeX Warning: No positions in optional float specifier.
               Default added (so using `tbp') on input line 159.

File: images/ope5.png Graphic file (type bmp)
<images/ope5.png>) [11] [12] [13] [14] [15]
\openout2 = `test.aux'.

 (./test.tex
第 4 章

LaTeX Warning: No positions in optional float specifier.
               Default added (so using `tbp') on input line 15.


LaTeX Warning: No positions in optional float specifier.
               Default added (so using `tbp') on input line 29.


LaTeX Warning: No positions in optional float specifier.
               Default added (so using `tbp') on input line 43.


LaTeX Warning: No positions in optional float specifier.
               Default added (so using `tbp') on input line 55.


LaTeX Warning: No positions in optional float specifier.
               Default added (so using `tbp') on input line 73.

File: images/init.png Graphic file (type bmp)
<images/init.png>

LaTeX Warning: No positions in optional float specifier.
               Default added (so using `tbp') on input line 87.

File: images/kekka1.png Graphic file (type bmp)
<images/kekka1.png>

LaTeX Warning: No positions in optional float specifier.
               Default added (so using `tbp') on input line 94.

File: images/kekka2.png Graphic file (type bmp)
<images/kekka2.png>

LaTeX Warning: No positions in optional float specifier.
               Default added (so using `tbp') on input line 101.

File: images/kekka3.png Graphic file (type bmp)
<images/kekka3.png> [16



] [17]) [18] (./test2.tex

LaTeX Warning: No positions in optional float specifier.
               Default added (so using `tbp') on input line 13.


LaTeX Warning: No positions in optional float specifier.
               Default added (so using `tbp') on input line 28.


LaTeX Warning: No positions in optional float specifier.
               Default added (so using `tbp') on input line 41.

[19

]

LaTeX Warning: No positions in optional float specifier.
               Default added (so using `tbp') on input line 67.

File: images/jikken3.png Graphic file (type bmp)
<images/jikken3.png>

LaTeX Warning: No positions in optional float specifier.
               Default added (so using `tbp') on input line 77.

File: images/jikken2.png Graphic file (type bmp)
<images/jikken2.png>
Overfull \hbox (10.84366pt too wide) in paragraph at lines 79--80
 [] 
 []

) [20] [21]
\openout2 = `conclusion.aux'.

 (./conclusion.tex
第 5 章
) [22


]
\openout2 = `thank.aux'.

 (./thank.tex) [23



]
\openout2 = `reference.aux'.

 (./reference.tex

LaTeX Font Warning: Font shape `JT1/mc/m/it' undefined
(Font)              using `JT1/mc/m/n' instead on input line 10.


LaTeX Font Warning: Font shape `JY1/mc/m/it' undefined
(Font)              using `JY1/mc/m/n' instead on input line 10.

) [24



]
LaTeX Font Info:    Try loading font information for OMS+cmr on input line 57.
 (/usr/local/texlive/2016/texmf-dist/tex/latex/base/omscmr.fd
File: omscmr.fd 2014/09/29 v2.5h Standard LaTeX font definitions
)
LaTeX Font Info:    Font shape `OMS/cmr/m/n' in size <10.95> not available
(Font)              Font shape `OMS/cmsy/m/n' tried instead on input line 57.
 [25


] (./thesis.aux (./introduction.aux) (./background.aux) (./method.aux) (./test.aux) (./conclusion.aux) (./thank.aux) (./reference.aux))

LaTeX Font Warning: Some font shapes were not available, defaults substituted.

 ) 
Here is how much of TeX's memory you used:
 1242 strings out of 493683
 15662 string characters out of 6149653
 99713 words of memory out of 5000000
 4747 multiletter control sequences out of 15000+600000
 19045 words of font info for 73 fonts, out of 8000000 for 9000
 929 hyphenation exceptions out of 8191
 28i,11n,26p,1174b,382s stack positions out of 5000i,500n,10000p,200000b,80000s

Output written on thesis.dvi (30 pages, 82092 bytes).
